2024-09-22 08:48:32.930 +03:00 [INF] Request starting HTTP/2 GET https://localhost:7235/api/Restaurant/getAllRestaurant - null null
2024-09-22 08:48:32.939 +03:00 [INF] CORS policy execution successful.
2024-09-22 08:48:32.940 +03:00 [INF] Executing endpoint 'Faid.Controllers.RestaurantController.getAllRestaurant (Faid)'
2024-09-22 08:48:32.941 +03:00 [INF] Route matched with {action = "getAllRestaurant", controller = "Restaurant"}. Executing controller action with signature Microsoft.AspNetCore.Mvc.IActionResult getAllRestaurant() on controller Faid.Controllers.RestaurantController (Faid).
2024-09-22 08:48:33.055 +03:00 [INF] Executed DbCommand (10ms) [Parameters=[], CommandType='"Text"', CommandTimeout='30']
SELECT [r].[RestaurantID], [r].[Address], [r].[CloseTime], [r].[ContactInfo], [r].[FoodType], [r].[Image], [r].[Name], [r].[OpenTime]
FROM [Restaurants] AS [r]
2024-09-22 08:48:33.059 +03:00 [INF] Executing OkObjectResult, writing value of type 'System.Collections.Generic.List`1[[Faid.Models.Restaurant, Faid, Version=1.0.0.0, Culture=neutral, PublicKeyToken=null]]'.
2024-09-22 08:48:33.061 +03:00 [INF] Executed action Faid.Controllers.RestaurantController.getAllRestaurant (Faid) in 118.5069ms
2024-09-22 08:48:33.062 +03:00 [INF] Executed endpoint 'Faid.Controllers.RestaurantController.getAllRestaurant (Faid)'
2024-09-22 08:48:33.063 +03:00 [INF] Request finished HTTP/2 GET https://localhost:7235/api/Restaurant/getAllRestaurant - 200 null application/json; charset=utf-8 132.9071ms
2024-09-22 08:49:42.678 +03:00 [INF] Request starting HTTP/2 GET https://localhost:7235/api/Restaurant/getAllRestaurant - null null
2024-09-22 08:49:42.679 +03:00 [INF] CORS policy execution successful.
2024-09-22 08:49:42.680 +03:00 [INF] Executing endpoint 'Faid.Controllers.RestaurantController.getAllRestaurant (Faid)'
2024-09-22 08:49:42.681 +03:00 [INF] Route matched with {action = "getAllRestaurant", controller = "Restaurant"}. Executing controller action with signature Microsoft.AspNetCore.Mvc.IActionResult getAllRestaurant() on controller Faid.Controllers.RestaurantController (Faid).
2024-09-22 08:49:42.686 +03:00 [INF] Executed DbCommand (2ms) [Parameters=[], CommandType='"Text"', CommandTimeout='30']
SELECT [r].[RestaurantID], [r].[Address], [r].[CloseTime], [r].[ContactInfo], [r].[FoodType], [r].[Image], [r].[Name], [r].[OpenTime]
FROM [Restaurants] AS [r]
2024-09-22 08:49:42.689 +03:00 [INF] Executing OkObjectResult, writing value of type 'System.Collections.Generic.List`1[[Faid.Models.Restaurant, Faid, Version=1.0.0.0, Culture=neutral, PublicKeyToken=null]]'.
2024-09-22 08:49:42.691 +03:00 [INF] Executed action Faid.Controllers.RestaurantController.getAllRestaurant (Faid) in 7.1224ms
2024-09-22 08:49:42.692 +03:00 [INF] Executed endpoint 'Faid.Controllers.RestaurantController.getAllRestaurant (Faid)'
2024-09-22 08:49:42.693 +03:00 [INF] Request finished HTTP/2 GET https://localhost:7235/api/Restaurant/getAllRestaurant - 200 null application/json; charset=utf-8 15.126ms
2024-09-22 15:26:48.978 +03:00 [INF] Request starting HTTP/2 GET https://localhost:7235/api/Restaurant/getAllRestaurant - null null
2024-09-22 15:26:48.987 +03:00 [INF] CORS policy execution successful.
2024-09-22 15:26:48.988 +03:00 [INF] Executing endpoint 'Faid.Controllers.RestaurantController.getAllRestaurant (Faid)'
2024-09-22 15:26:48.992 +03:00 [INF] Route matched with {action = "getAllRestaurant", controller = "Restaurant"}. Executing controller action with signature Microsoft.AspNetCore.Mvc.IActionResult getAllRestaurant() on controller Faid.Controllers.RestaurantController (Faid).
2024-09-22 15:26:49.070 +03:00 [INF] Executed DbCommand (43ms) [Parameters=[], CommandType='"Text"', CommandTimeout='30']
SELECT [r].[RestaurantID], [r].[Address], [r].[CloseTime], [r].[ContactInfo], [r].[FoodType], [r].[Image], [r].[Name], [r].[OpenTime]
FROM [Restaurants] AS [r]
2024-09-22 15:26:49.078 +03:00 [INF] Executing OkObjectResult, writing value of type 'System.Collections.Generic.List`1[[Faid.Models.Restaurant, Faid, Version=1.0.0.0, Culture=neutral, PublicKeyToken=null]]'.
2024-09-22 15:26:49.082 +03:00 [INF] Executed action Faid.Controllers.RestaurantController.getAllRestaurant (Faid) in 83.1255ms
2024-09-22 15:26:49.084 +03:00 [INF] Executed endpoint 'Faid.Controllers.RestaurantController.getAllRestaurant (Faid)'
2024-09-22 15:26:49.085 +03:00 [INF] Request finished HTTP/2 GET https://localhost:7235/api/Restaurant/getAllRestaurant - 200 null application/json; charset=utf-8 107.4439ms
2024-09-22 21:28:27.706 +03:00 [INF] Now listening on: https://localhost:7235
2024-09-22 21:28:27.743 +03:00 [INF] Now listening on: http://localhost:5001
2024-09-22 21:28:27.790 +03:00 [INF] Application started. Press Ctrl+C to shut down.
2024-09-22 21:28:27.792 +03:00 [INF] Hosting environment: Development
2024-09-22 21:28:27.794 +03:00 [INF] Content root path: C:\Users\Orange\Downloads\master\Masterpiece10-OCA\Faid\Faid
2024-09-22 21:28:27.977 +03:00 [INF] Request starting HTTP/2 GET https://localhost:7235/swagger - null null
2024-09-22 21:28:28.060 +03:00 [INF] Request finished HTTP/2 GET https://localhost:7235/swagger - 301 0 null 83.2775ms
2024-09-22 21:28:28.066 +03:00 [INF] Request starting HTTP/2 GET https://localhost:7235/swagger/index.html - null null
2024-09-22 21:28:28.129 +03:00 [INF] Request finished HTTP/2 GET https://localhost:7235/swagger/index.html - 200 null text/html;charset=utf-8 63.1048ms
2024-09-22 21:28:28.141 +03:00 [INF] Request starting HTTP/2 GET https://localhost:7235/swagger/swagger-ui.css - null null
2024-09-22 21:28:28.144 +03:00 [INF] Request starting HTTP/2 GET https://localhost:7235/_framework/aspnetcore-browser-refresh.js - null null
2024-09-22 21:28:28.144 +03:00 [INF] Request starting HTTP/2 GET https://localhost:7235/swagger/swagger-ui-bundle.js - null null
2024-09-22 21:28:28.144 +03:00 [INF] Request starting HTTP/2 GET https://localhost:7235/swagger/swagger-ui-standalone-preset.js - null null
2024-09-22 21:28:28.155 +03:00 [INF] Request starting HTTP/2 GET https://localhost:7235/_vs/browserLink - null null
2024-09-22 21:28:28.156 +03:00 [INF] Request finished HTTP/2 GET https://localhost:7235/_framework/aspnetcore-browser-refresh.js - 200 13744 application/javascript; charset=utf-8 10.6437ms
2024-09-22 21:28:28.173 +03:00 [INF] Sending file. Request path: '/swagger-ui-standalone-preset.js'. Physical path: 'N/A'
2024-09-22 21:28:28.173 +03:00 [INF] Sending file. Request path: '/swagger-ui.css'. Physical path: 'N/A'
2024-09-22 21:28:28.176 +03:00 [INF] Request finished HTTP/2 GET https://localhost:7235/swagger/swagger-ui-standalone-preset.js - 200 339486 text/javascript 31.1474ms
2024-09-22 21:28:28.176 +03:00 [INF] Request finished HTTP/2 GET https://localhost:7235/swagger/swagger-ui.css - 200 143943 text/css 34.3302ms
2024-09-22 21:28:28.179 +03:00 [INF] Sending file. Request path: '/swagger-ui-bundle.js'. Physical path: 'N/A'
2024-09-22 21:28:28.185 +03:00 [INF] Request finished HTTP/2 GET https://localhost:7235/swagger/swagger-ui-bundle.js - 200 1096145 text/javascript 41.0668ms
2024-09-22 21:28:28.200 +03:00 [INF] Request finished HTTP/2 GET https://localhost:7235/_vs/browserLink - 200 null text/javascript; charset=UTF-8 45.1963ms
2024-09-22 21:28:28.423 +03:00 [INF] Request starting HTTP/2 GET https://localhost:7235/swagger/v1/swagger.json - null null
2024-09-22 21:28:28.515 +03:00 [INF] Request finished HTTP/2 GET https://localhost:7235/swagger/v1/swagger.json - 200 null application/json;charset=utf-8 92.6083ms
2024-09-22 21:30:02.655 +03:00 [INF] Request starting HTTP/2 PUT https://localhost:7235/api/PartnershipRequests/1 - application/json 166
2024-09-22 21:30:02.669 +03:00 [INF] CORS policy execution successful.
2024-09-22 21:30:02.676 +03:00 [INF] Executing endpoint 'Faid.Controllers.PartnershipRequestsController.PutPartnershipRequest (Faid)'
2024-09-22 21:30:02.708 +03:00 [INF] Route matched with {action = "PutPartnershipRequest", controller = "PartnershipRequests"}. Executing controller action with signature Microsoft.AspNetCore.Mvc.IActionResult PutPartnershipRequest(Int32, Faid.Models.PartnershipRequest) on controller Faid.Controllers.PartnershipRequestsController (Faid).
2024-09-22 21:30:02.929 +03:00 [INF] Executing ObjectResult, writing value of type 'Microsoft.AspNetCore.Mvc.ProblemDetails'.
2024-09-22 21:30:02.960 +03:00 [INF] Executed action Faid.Controllers.PartnershipRequestsController.PutPartnershipRequest (Faid) in 242.3783ms
2024-09-22 21:30:02.962 +03:00 [INF] Executed endpoint 'Faid.Controllers.PartnershipRequestsController.PutPartnershipRequest (Faid)'
2024-09-22 21:30:02.966 +03:00 [INF] Request finished HTTP/2 PUT https://localhost:7235/api/PartnershipRequests/1 - 400 null application/problem+json; charset=utf-8 310.9146ms
2024-09-22 21:31:06.870 +03:00 [INF] Request starting HTTP/2 GET https://localhost:7235/api/PartnershipRequests - null null
2024-09-22 21:31:06.879 +03:00 [INF] Executing endpoint 'Faid.Controllers.PartnershipRequestsController.GetPartnershipRequests (Faid)'
2024-09-22 21:31:06.888 +03:00 [INF] Route matched with {action = "GetPartnershipRequests", controller = "PartnershipRequests"}. Executing controller action with signature Microsoft.AspNetCore.Mvc.ActionResult`1[System.Collections.Generic.IEnumerable`1[Faid.Models.PartnershipRequest]] GetPartnershipRequests() on controller Faid.Controllers.PartnershipRequestsController (Faid).
2024-09-22 21:31:08.557 +03:00 [INF] Executed DbCommand (42ms) [Parameters=[], CommandType='"Text"', CommandTimeout='30']
SELECT [p].[RequestID], [p].[ContactPerson], [p].[Email], [p].[OrganizationName], [p].[OrganizationType], [p].[PartnershipGoals]
FROM [PartnershipRequests] AS [p]
2024-09-22 21:31:08.646 +03:00 [INF] Executing ObjectResult, writing value of type 'System.Collections.Generic.List`1[[Faid.Models.PartnershipRequest, Faid, Version=1.0.0.0, Culture=neutral, PublicKeyToken=null]]'.
2024-09-22 21:31:08.654 +03:00 [INF] Executed action Faid.Controllers.PartnershipRequestsController.GetPartnershipRequests (Faid) in 1760.9431ms
2024-09-22 21:31:08.656 +03:00 [INF] Executed endpoint 'Faid.Controllers.PartnershipRequestsController.GetPartnershipRequests (Faid)'
2024-09-22 21:31:08.668 +03:00 [INF] Request finished HTTP/2 GET https://localhost:7235/api/PartnershipRequests - 200 null application/json; charset=utf-8 1797.5728ms
2024-09-22 21:53:39.870 +03:00 [INF] Now listening on: https://localhost:7235
2024-09-22 21:53:39.897 +03:00 [INF] Now listening on: http://localhost:5001
2024-09-22 21:53:39.937 +03:00 [INF] Application started. Press Ctrl+C to shut down.
2024-09-22 21:53:39.940 +03:00 [INF] Hosting environment: Development
2024-09-22 21:53:39.941 +03:00 [INF] Content root path: C:\Users\Orange\Downloads\master\Masterpiece10-OCA\Faid\Faid
2024-09-22 21:53:39.994 +03:00 [INF] Request starting HTTP/2 GET https://localhost:7235/swagger/index.html - null null
2024-09-22 21:53:40.096 +03:00 [INF] Request finished HTTP/2 GET https://localhost:7235/swagger/index.html - 200 null text/html;charset=utf-8 102.6686ms
2024-09-22 21:53:40.114 +03:00 [INF] Request starting HTTP/2 GET https://localhost:7235/_framework/aspnetcore-browser-refresh.js - null null
2024-09-22 21:53:40.114 +03:00 [INF] Request starting HTTP/2 GET https://localhost:7235/_vs/browserLink - null null
2024-09-22 21:53:40.124 +03:00 [INF] Request finished HTTP/2 GET https://localhost:7235/_framework/aspnetcore-browser-refresh.js - 200 13744 application/javascript; charset=utf-8 9.7508ms
2024-09-22 21:53:40.149 +03:00 [INF] Request finished HTTP/2 GET https://localhost:7235/_vs/browserLink - 200 null text/javascript; charset=UTF-8 34.3689ms
2024-09-22 21:53:40.488 +03:00 [INF] Request starting HTTP/2 GET https://localhost:7235/swagger/v1/swagger.json - null null
2024-09-22 21:53:40.558 +03:00 [INF] Request finished HTTP/2 GET https://localhost:7235/swagger/v1/swagger.json - 200 null application/json;charset=utf-8 70.3608ms
2024-09-22 21:54:54.327 +03:00 [INF] Request starting HTTP/2 POST https://localhost:7235/api/PartnershipRequests - multipart/form-data; boundary=----WebKitFormBoundaryf6vNkrNm9k0ZaSR4 576
2024-09-22 21:54:54.346 +03:00 [INF] CORS policy execution successful.
2024-09-22 21:54:54.350 +03:00 [INF] Executing endpoint 'Faid.Controllers.PartnershipRequestsController.PostPartnershipRequest (Faid)'
2024-09-22 21:54:54.398 +03:00 [INF] Route matched with {action = "PostPartnershipRequest", controller = "PartnershipRequests"}. Executing controller action with signature Microsoft.AspNetCore.Mvc.ActionResult`1[Faid.Models.PartnershipRequest] PostPartnershipRequest(Faid.Models.PartnershipRequest) on controller Faid.Controllers.PartnershipRequestsController (Faid).
2024-09-22 21:54:56.359 +03:00 [ERR] Failed executing DbCommand (152ms) [Parameters=[@p0='?' (DbType = Int32), @p1='?' (Size = 100), @p2='?' (Size = 100), @p3='?' (Size = 100), @p4='?' (Size = 100), @p5='?' (Size = 255)], CommandType='"Text"', CommandTimeout='30']
SET IMPLICIT_TRANSACTIONS OFF;
SET NOCOUNT ON;
INSERT INTO [PartnershipRequests] ([RequestID], [ContactPerson], [Email], [OrganizationName], [OrganizationType], [PartnershipGoals])
VALUES (@p0, @p1, @p2, @p3, @p4, @p5);
2024-09-22 21:54:56.418 +03:00 [ERR] An exception occurred in the database while saving changes for context type 'Faid.Models.MyDbContext'.
Microsoft.EntityFrameworkCore.DbUpdateException: An error occurred while saving the entity changes. See the inner exception for details.
 ---> Microsoft.Data.SqlClient.SqlException (0x80131904): Cannot insert explicit value for identity column in table 'PartnershipRequests' when IDENTITY_INSERT is set to OFF.
   at Microsoft.Data.SqlClient.SqlConnection.OnError(SqlException exception, Boolean breakConnection, Action`1 wrapCloseInAction)
   at Microsoft.Data.SqlClient.SqlInternalConnection.OnError(SqlException exception, Boolean breakConnection, Action`1 wrapCloseInAction)
   at Microsoft.Data.SqlClient.TdsParser.ThrowExceptionAndWarning(TdsParserStateObject stateObj, Boolean callerHasConnectionLock, Boolean asyncClose)
   at Microsoft.Data.SqlClient.TdsParser.TryRun(RunBehavior runBehavior, SqlCommand cmdHandler, SqlDataReader dataStream, BulkCopySimpleResultSet bulkCopyHandler, TdsParserStateObject stateObj, Boolean& dataReady)
   at Microsoft.Data.SqlClient.SqlDataReader.TryConsumeMetaData()
   at Microsoft.Data.SqlClient.SqlDataReader.get_MetaData()
   at Microsoft.Data.SqlClient.SqlCommand.FinishExecuteReader(SqlDataReader ds, RunBehavior runBehavior, String resetOptionsString, Boolean isInternal, Boolean forDescribeParameterEncryption, Boolean shouldCacheForAlwaysEncrypted)
   at Microsoft.Data.SqlClient.SqlCommand.RunExecuteReaderTds(CommandBehavior cmdBehavior, RunBehavior runBehavior, Boolean returnStream, Boolean isAsync, Int32 timeout, Task& task, Boolean asyncWrite, Boolean inRetry, SqlDataReader ds, Boolean describeParameterEncryptionRequest)
   at Microsoft.Data.SqlClient.SqlCommand.RunExecuteReader(CommandBehavior cmdBehavior, RunBehavior runBehavior, Boolean returnStream, TaskCompletionSource`1 completion, Int32 timeout, Task& task, Boolean& usedCache, Boolean asyncWrite, Boolean inRetry, String method)
   at Microsoft.Data.SqlClient.SqlCommand.RunExecuteReader(CommandBehavior cmdBehavior, RunBehavior runBehavior, Boolean returnStream, String method)
   at Microsoft.Data.SqlClient.SqlCommand.ExecuteReader(CommandBehavior behavior)
   at Microsoft.Data.SqlClient.SqlCommand.ExecuteDbDataReader(CommandBehavior behavior)
   at Microsoft.EntityFrameworkCore.Storage.RelationalCommand.ExecuteReader(RelationalCommandParameterObject parameterObject)
   at Microsoft.EntityFrameworkCore.Update.ReaderModificationCommandBatch.Execute(IRelationalConnection connection)
ClientConnectionId:0051a074-494f-4264-80d7-3b61fc1369ba
Error Number:544,State:1,Class:16
   --- End of inner exception stack trace ---
   at Microsoft.EntityFrameworkCore.Update.ReaderModificationCommandBatch.Execute(IRelationalConnection connection)
   at Microsoft.EntityFrameworkCore.SqlServer.Update.Internal.SqlServerModificationCommandBatch.Execute(IRelationalConnection connection)
   at Microsoft.EntityFrameworkCore.Update.Internal.BatchExecutor.Execute(IEnumerable`1 commandBatches, IRelationalConnection connection)
   at Microsoft.EntityFrameworkCore.Storage.RelationalDatabase.SaveChanges(IList`1 entries)
   at Microsoft.EntityFrameworkCore.ChangeTracking.Internal.StateManager.SaveChanges(IList`1 entriesToSave)
   at Microsoft.EntityFrameworkCore.ChangeTracking.Internal.StateManager.SaveChanges(StateManager stateManager, Boolean acceptAllChangesOnSuccess)
   at Microsoft.EntityFrameworkCore.ChangeTracking.Internal.StateManager.<>c.<SaveChanges>b__112_0(DbContext _, ValueTuple`2 t)
   at Microsoft.EntityFrameworkCore.SqlServer.Storage.Internal.SqlServerExecutionStrategy.Execute[TState,TResult](TState state, Func`3 operation, Func`3 verifySucceeded)
   at Microsoft.EntityFrameworkCore.ChangeTracking.Internal.StateManager.SaveChanges(Boolean acceptAllChangesOnSuccess)
   at Microsoft.EntityFrameworkCore.DbContext.SaveChanges(Boolean acceptAllChangesOnSuccess)
Microsoft.EntityFrameworkCore.DbUpdateException: An error occurred while saving the entity changes. See the inner exception for details.
 ---> Microsoft.Data.SqlClient.SqlException (0x80131904): Cannot insert explicit value for identity column in table 'PartnershipRequests' when IDENTITY_INSERT is set to OFF.
   at Microsoft.Data.SqlClient.SqlConnection.OnError(SqlException exception, Boolean breakConnection, Action`1 wrapCloseInAction)
   at Microsoft.Data.SqlClient.SqlInternalConnection.OnError(SqlException exception, Boolean breakConnection, Action`1 wrapCloseInAction)
   at Microsoft.Data.SqlClient.TdsParser.ThrowExceptionAndWarning(TdsParserStateObject stateObj, Boolean callerHasConnectionLock, Boolean asyncClose)
   at Microsoft.Data.SqlClient.TdsParser.TryRun(RunBehavior runBehavior, SqlCommand cmdHandler, SqlDataReader dataStream, BulkCopySimpleResultSet bulkCopyHandler, TdsParserStateObject stateObj, Boolean& dataReady)
   at Microsoft.Data.SqlClient.SqlDataReader.TryConsumeMetaData()
   at Microsoft.Data.SqlClient.SqlDataReader.get_MetaData()
   at Microsoft.Data.SqlClient.SqlCommand.FinishExecuteReader(SqlDataReader ds, RunBehavior runBehavior, String resetOptionsString, Boolean isInternal, Boolean forDescribeParameterEncryption, Boolean shouldCacheForAlwaysEncrypted)
   at Microsoft.Data.SqlClient.SqlCommand.RunExecuteReaderTds(CommandBehavior cmdBehavior, RunBehavior runBehavior, Boolean returnStream, Boolean isAsync, Int32 timeout, Task& task, Boolean asyncWrite, Boolean inRetry, SqlDataReader ds, Boolean describeParameterEncryptionRequest)
   at Microsoft.Data.SqlClient.SqlCommand.RunExecuteReader(CommandBehavior cmdBehavior, RunBehavior runBehavior, Boolean returnStream, TaskCompletionSource`1 completion, Int32 timeout, Task& task, Boolean& usedCache, Boolean asyncWrite, Boolean inRetry, String method)
   at Microsoft.Data.SqlClient.SqlCommand.RunExecuteReader(CommandBehavior cmdBehavior, RunBehavior runBehavior, Boolean returnStream, String method)
   at Microsoft.Data.SqlClient.SqlCommand.ExecuteReader(CommandBehavior behavior)
   at Microsoft.Data.SqlClient.SqlCommand.ExecuteDbDataReader(CommandBehavior behavior)
   at Microsoft.EntityFrameworkCore.Storage.RelationalCommand.ExecuteReader(RelationalCommandParameterObject parameterObject)
   at Microsoft.EntityFrameworkCore.Update.ReaderModificationCommandBatch.Execute(IRelationalConnection connection)
ClientConnectionId:0051a074-494f-4264-80d7-3b61fc1369ba
Error Number:544,State:1,Class:16
   --- End of inner exception stack trace ---
   at Microsoft.EntityFrameworkCore.Update.ReaderModificationCommandBatch.Execute(IRelationalConnection connection)
   at Microsoft.EntityFrameworkCore.SqlServer.Update.Internal.SqlServerModificationCommandBatch.Execute(IRelationalConnection connection)
   at Microsoft.EntityFrameworkCore.Update.Internal.BatchExecutor.Execute(IEnumerable`1 commandBatches, IRelationalConnection connection)
   at Microsoft.EntityFrameworkCore.Storage.RelationalDatabase.SaveChanges(IList`1 entries)
   at Microsoft.EntityFrameworkCore.ChangeTracking.Internal.StateManager.SaveChanges(IList`1 entriesToSave)
   at Microsoft.EntityFrameworkCore.ChangeTracking.Internal.StateManager.SaveChanges(StateManager stateManager, Boolean acceptAllChangesOnSuccess)
   at Microsoft.EntityFrameworkCore.ChangeTracking.Internal.StateManager.<>c.<SaveChanges>b__112_0(DbContext _, ValueTuple`2 t)
   at Microsoft.EntityFrameworkCore.SqlServer.Storage.Internal.SqlServerExecutionStrategy.Execute[TState,TResult](TState state, Func`3 operation, Func`3 verifySucceeded)
   at Microsoft.EntityFrameworkCore.ChangeTracking.Internal.StateManager.SaveChanges(Boolean acceptAllChangesOnSuccess)
   at Microsoft.EntityFrameworkCore.DbContext.SaveChanges(Boolean acceptAllChangesOnSuccess)
2024-09-22 21:54:56.448 +03:00 [INF] Executed action Faid.Controllers.PartnershipRequestsController.PostPartnershipRequest (Faid) in 2042.438ms
2024-09-22 21:54:56.452 +03:00 [INF] Executed endpoint 'Faid.Controllers.PartnershipRequestsController.PostPartnershipRequest (Faid)'
2024-09-22 21:54:56.455 +03:00 [ERR] An unhandled exception has occurred while executing the request.
Microsoft.EntityFrameworkCore.DbUpdateException: An error occurred while saving the entity changes. See the inner exception for details.
 ---> Microsoft.Data.SqlClient.SqlException (0x80131904): Cannot insert explicit value for identity column in table 'PartnershipRequests' when IDENTITY_INSERT is set to OFF.
   at Microsoft.Data.SqlClient.SqlConnection.OnError(SqlException exception, Boolean breakConnection, Action`1 wrapCloseInAction)
   at Microsoft.Data.SqlClient.SqlInternalConnection.OnError(SqlException exception, Boolean breakConnection, Action`1 wrapCloseInAction)
   at Microsoft.Data.SqlClient.TdsParser.ThrowExceptionAndWarning(TdsParserStateObject stateObj, Boolean callerHasConnectionLock, Boolean asyncClose)
   at Microsoft.Data.SqlClient.TdsParser.TryRun(RunBehavior runBehavior, SqlCommand cmdHandler, SqlDataReader dataStream, BulkCopySimpleResultSet bulkCopyHandler, TdsParserStateObject stateObj, Boolean& dataReady)
   at Microsoft.Data.SqlClient.SqlDataReader.TryConsumeMetaData()
   at Microsoft.Data.SqlClient.SqlDataReader.get_MetaData()
   at Microsoft.Data.SqlClient.SqlCommand.FinishExecuteReader(SqlDataReader ds, RunBehavior runBehavior, String resetOptionsString, Boolean isInternal, Boolean forDescribeParameterEncryption, Boolean shouldCacheForAlwaysEncrypted)
   at Microsoft.Data.SqlClient.SqlCommand.RunExecuteReaderTds(CommandBehavior cmdBehavior, RunBehavior runBehavior, Boolean returnStream, Boolean isAsync, Int32 timeout, Task& task, Boolean asyncWrite, Boolean inRetry, SqlDataReader ds, Boolean describeParameterEncryptionRequest)
   at Microsoft.Data.SqlClient.SqlCommand.RunExecuteReader(CommandBehavior cmdBehavior, RunBehavior runBehavior, Boolean returnStream, TaskCompletionSource`1 completion, Int32 timeout, Task& task, Boolean& usedCache, Boolean asyncWrite, Boolean inRetry, String method)
   at Microsoft.Data.SqlClient.SqlCommand.RunExecuteReader(CommandBehavior cmdBehavior, RunBehavior runBehavior, Boolean returnStream, String method)
   at Microsoft.Data.SqlClient.SqlCommand.ExecuteReader(CommandBehavior behavior)
   at Microsoft.Data.SqlClient.SqlCommand.ExecuteDbDataReader(CommandBehavior behavior)
   at Microsoft.EntityFrameworkCore.Storage.RelationalCommand.ExecuteReader(RelationalCommandParameterObject parameterObject)
   at Microsoft.EntityFrameworkCore.Update.ReaderModificationCommandBatch.Execute(IRelationalConnection connection)
ClientConnectionId:0051a074-494f-4264-80d7-3b61fc1369ba
Error Number:544,State:1,Class:16
   --- End of inner exception stack trace ---
   at Microsoft.EntityFrameworkCore.Update.ReaderModificationCommandBatch.Execute(IRelationalConnection connection)
   at Microsoft.EntityFrameworkCore.SqlServer.Update.Internal.SqlServerModificationCommandBatch.Execute(IRelationalConnection connection)
   at Microsoft.EntityFrameworkCore.Update.Internal.BatchExecutor.Execute(IEnumerable`1 commandBatches, IRelationalConnection connection)
   at Microsoft.EntityFrameworkCore.Storage.RelationalDatabase.SaveChanges(IList`1 entries)
   at Microsoft.EntityFrameworkCore.ChangeTracking.Internal.StateManager.SaveChanges(IList`1 entriesToSave)
   at Microsoft.EntityFrameworkCore.ChangeTracking.Internal.StateManager.SaveChanges(StateManager stateManager, Boolean acceptAllChangesOnSuccess)
   at Microsoft.EntityFrameworkCore.ChangeTracking.Internal.StateManager.<>c.<SaveChanges>b__112_0(DbContext _, ValueTuple`2 t)
   at Microsoft.EntityFrameworkCore.SqlServer.Storage.Internal.SqlServerExecutionStrategy.Execute[TState,TResult](TState state, Func`3 operation, Func`3 verifySucceeded)
   at Microsoft.EntityFrameworkCore.ChangeTracking.Internal.StateManager.SaveChanges(Boolean acceptAllChangesOnSuccess)
   at Microsoft.EntityFrameworkCore.DbContext.SaveChanges(Boolean acceptAllChangesOnSuccess)
   at Microsoft.EntityFrameworkCore.DbContext.SaveChanges()
   at Faid.Controllers.PartnershipRequestsController.PostPartnershipRequest(PartnershipRequest request) in C:\Users\Orange\Downloads\master\Masterpiece10-OCA\Faid\Faid\Controllers\PartnershipRequestsController.cs:line 32
   at lambda_method3(Closure, Object, Object[])
   at Microsoft.AspNetCore.Mvc.Infrastructure.ActionMethodExecutor.SyncObjectResultExecutor.Execute(ActionContext actionContext, IActionResultTypeMapper mapper, ObjectMethodExecutor executor, Object controller, Object[] arguments)
   at Microsoft.AspNetCore.Mvc.Infrastructure.ControllerActionInvoker.InvokeActionMethodAsync()
   at Microsoft.AspNetCore.Mvc.Infrastructure.ControllerActionInvoker.Next(State& next, Scope& scope, Object& state, Boolean& isCompleted)
   at Microsoft.AspNetCore.Mvc.Infrastructure.ControllerActionInvoker.InvokeNextActionFilterAsync()
--- End of stack trace from previous location ---
   at Microsoft.AspNetCore.Mvc.Infrastructure.ControllerActionInvoker.Rethrow(ActionExecutedContextSealed context)
   at Microsoft.AspNetCore.Mvc.Infrastructure.ControllerActionInvoker.Next(State& next, Scope& scope, Object& state, Boolean& isCompleted)
   at Microsoft.AspNetCore.Mvc.Infrastructure.ControllerActionInvoker.InvokeInnerFilterAsync()
--- End of stack trace from previous location ---
   at Microsoft.AspNetCore.Mvc.Infrastructure.ResourceInvoker.<InvokeFilterPipelineAsync>g__Awaited|20_0(ResourceInvoker invoker, Task lastTask, State next, Scope scope, Object state, Boolean isCompleted)
   at Microsoft.AspNetCore.Mvc.Infrastructure.ResourceInvoker.<InvokeAsync>g__Logged|17_1(ResourceInvoker invoker)
   at Microsoft.AspNetCore.Mvc.Infrastructure.ResourceInvoker.<InvokeAsync>g__Logged|17_1(ResourceInvoker invoker)
   at Microsoft.AspNetCore.Routing.EndpointMiddleware.<Invoke>g__AwaitRequestTask|7_0(Endpoint endpoint, Task requestTask, ILogger logger)
   at Microsoft.AspNetCore.Authorization.AuthorizationMiddleware.Invoke(HttpContext context)
   at Swashbuckle.AspNetCore.SwaggerUI.SwaggerUIMiddleware.Invoke(HttpContext httpContext)
   at Swashbuckle.AspNetCore.Swagger.SwaggerMiddleware.Invoke(HttpContext httpContext, ISwaggerProvider swaggerProvider)
   at Microsoft.AspNetCore.Authentication.AuthenticationMiddleware.Invoke(HttpContext context)
   at Microsoft.AspNetCore.Diagnostics.DeveloperExceptionPageMiddlewareImpl.Invoke(HttpContext context)
2024-09-22 21:54:56.522 +03:00 [INF] Request finished HTTP/2 POST https://localhost:7235/api/PartnershipRequests - 500 null text/plain; charset=utf-8 2194.3061ms
2024-09-22 21:55:30.245 +03:00 [INF] Request starting HTTP/2 POST https://localhost:7235/api/PartnershipRequests - multipart/form-data; boundary=----WebKitFormBoundarytv8jbiwE83zMuU7y 671
2024-09-22 21:55:30.256 +03:00 [INF] CORS policy execution successful.
2024-09-22 21:55:30.259 +03:00 [INF] Executing endpoint 'Faid.Controllers.PartnershipRequestsController.PostPartnershipRequest (Faid)'
2024-09-22 21:55:30.263 +03:00 [INF] Route matched with {action = "PostPartnershipRequest", controller = "PartnershipRequests"}. Executing controller action with signature Microsoft.AspNetCore.Mvc.ActionResult`1[Faid.Models.PartnershipRequest] PostPartnershipRequest(Faid.Models.PartnershipRequest) on controller Faid.Controllers.PartnershipRequestsController (Faid).
2024-09-22 21:55:30.370 +03:00 [ERR] Failed executing DbCommand (3ms) [Parameters=[@p0='?' (DbType = Int32), @p1='?' (Size = 100), @p2='?' (Size = 100), @p3='?' (Size = 100), @p4='?' (Size = 100), @p5='?' (Size = 255)], CommandType='"Text"', CommandTimeout='30']
SET IMPLICIT_TRANSACTIONS OFF;
SET NOCOUNT ON;
INSERT INTO [PartnershipRequests] ([RequestID], [ContactPerson], [Email], [OrganizationName], [OrganizationType], [PartnershipGoals])
VALUES (@p0, @p1, @p2, @p3, @p4, @p5);
2024-09-22 21:55:30.381 +03:00 [ERR] An exception occurred in the database while saving changes for context type 'Faid.Models.MyDbContext'.
Microsoft.EntityFrameworkCore.DbUpdateException: An error occurred while saving the entity changes. See the inner exception for details.
 ---> Microsoft.Data.SqlClient.SqlException (0x80131904): Cannot insert explicit value for identity column in table 'PartnershipRequests' when IDENTITY_INSERT is set to OFF.
   at Microsoft.Data.SqlClient.SqlConnection.OnError(SqlException exception, Boolean breakConnection, Action`1 wrapCloseInAction)
   at Microsoft.Data.SqlClient.SqlInternalConnection.OnError(SqlException exception, Boolean breakConnection, Action`1 wrapCloseInAction)
   at Microsoft.Data.SqlClient.TdsParser.ThrowExceptionAndWarning(TdsParserStateObject stateObj, Boolean callerHasConnectionLock, Boolean asyncClose)
   at Microsoft.Data.SqlClient.TdsParser.TryRun(RunBehavior runBehavior, SqlCommand cmdHandler, SqlDataReader dataStream, BulkCopySimpleResultSet bulkCopyHandler, TdsParserStateObject stateObj, Boolean& dataReady)
   at Microsoft.Data.SqlClient.SqlDataReader.TryConsumeMetaData()
   at Microsoft.Data.SqlClient.SqlDataReader.get_MetaData()
   at Microsoft.Data.SqlClient.SqlCommand.FinishExecuteReader(SqlDataReader ds, RunBehavior runBehavior, String resetOptionsString, Boolean isInternal, Boolean forDescribeParameterEncryption, Boolean shouldCacheForAlwaysEncrypted)
   at Microsoft.Data.SqlClient.SqlCommand.RunExecuteReaderTds(CommandBehavior cmdBehavior, RunBehavior runBehavior, Boolean returnStream, Boolean isAsync, Int32 timeout, Task& task, Boolean asyncWrite, Boolean inRetry, SqlDataReader ds, Boolean describeParameterEncryptionRequest)
   at Microsoft.Data.SqlClient.SqlCommand.RunExecuteReader(CommandBehavior cmdBehavior, RunBehavior runBehavior, Boolean returnStream, TaskCompletionSource`1 completion, Int32 timeout, Task& task, Boolean& usedCache, Boolean asyncWrite, Boolean inRetry, String method)
   at Microsoft.Data.SqlClient.SqlCommand.RunExecuteReader(CommandBehavior cmdBehavior, RunBehavior runBehavior, Boolean returnStream, String method)
   at Microsoft.Data.SqlClient.SqlCommand.ExecuteReader(CommandBehavior behavior)
   at Microsoft.Data.SqlClient.SqlCommand.ExecuteDbDataReader(CommandBehavior behavior)
   at Microsoft.EntityFrameworkCore.Storage.RelationalCommand.ExecuteReader(RelationalCommandParameterObject parameterObject)
   at Microsoft.EntityFrameworkCore.Update.ReaderModificationCommandBatch.Execute(IRelationalConnection connection)
ClientConnectionId:0051a074-494f-4264-80d7-3b61fc1369ba
Error Number:544,State:1,Class:16
   --- End of inner exception stack trace ---
   at Microsoft.EntityFrameworkCore.Update.ReaderModificationCommandBatch.Execute(IRelationalConnection connection)
   at Microsoft.EntityFrameworkCore.SqlServer.Update.Internal.SqlServerModificationCommandBatch.Execute(IRelationalConnection connection)
   at Microsoft.EntityFrameworkCore.Update.Internal.BatchExecutor.Execute(IEnumerable`1 commandBatches, IRelationalConnection connection)
   at Microsoft.EntityFrameworkCore.Storage.RelationalDatabase.SaveChanges(IList`1 entries)
   at Microsoft.EntityFrameworkCore.ChangeTracking.Internal.StateManager.SaveChanges(IList`1 entriesToSave)
   at Microsoft.EntityFrameworkCore.ChangeTracking.Internal.StateManager.SaveChanges(StateManager stateManager, Boolean acceptAllChangesOnSuccess)
   at Microsoft.EntityFrameworkCore.ChangeTracking.Internal.StateManager.<>c.<SaveChanges>b__112_0(DbContext _, ValueTuple`2 t)
   at Microsoft.EntityFrameworkCore.SqlServer.Storage.Internal.SqlServerExecutionStrategy.Execute[TState,TResult](TState state, Func`3 operation, Func`3 verifySucceeded)
   at Microsoft.EntityFrameworkCore.ChangeTracking.Internal.StateManager.SaveChanges(Boolean acceptAllChangesOnSuccess)
   at Microsoft.EntityFrameworkCore.DbContext.SaveChanges(Boolean acceptAllChangesOnSuccess)
Microsoft.EntityFrameworkCore.DbUpdateException: An error occurred while saving the entity changes. See the inner exception for details.
 ---> Microsoft.Data.SqlClient.SqlException (0x80131904): Cannot insert explicit value for identity column in table 'PartnershipRequests' when IDENTITY_INSERT is set to OFF.
   at Microsoft.Data.SqlClient.SqlConnection.OnError(SqlException exception, Boolean breakConnection, Action`1 wrapCloseInAction)
   at Microsoft.Data.SqlClient.SqlInternalConnection.OnError(SqlException exception, Boolean breakConnection, Action`1 wrapCloseInAction)
   at Microsoft.Data.SqlClient.TdsParser.ThrowExceptionAndWarning(TdsParserStateObject stateObj, Boolean callerHasConnectionLock, Boolean asyncClose)
   at Microsoft.Data.SqlClient.TdsParser.TryRun(RunBehavior runBehavior, SqlCommand cmdHandler, SqlDataReader dataStream, BulkCopySimpleResultSet bulkCopyHandler, TdsParserStateObject stateObj, Boolean& dataReady)
   at Microsoft.Data.SqlClient.SqlDataReader.TryConsumeMetaData()
   at Microsoft.Data.SqlClient.SqlDataReader.get_MetaData()
   at Microsoft.Data.SqlClient.SqlCommand.FinishExecuteReader(SqlDataReader ds, RunBehavior runBehavior, String resetOptionsString, Boolean isInternal, Boolean forDescribeParameterEncryption, Boolean shouldCacheForAlwaysEncrypted)
   at Microsoft.Data.SqlClient.SqlCommand.RunExecuteReaderTds(CommandBehavior cmdBehavior, RunBehavior runBehavior, Boolean returnStream, Boolean isAsync, Int32 timeout, Task& task, Boolean asyncWrite, Boolean inRetry, SqlDataReader ds, Boolean describeParameterEncryptionRequest)
   at Microsoft.Data.SqlClient.SqlCommand.RunExecuteReader(CommandBehavior cmdBehavior, RunBehavior runBehavior, Boolean returnStream, TaskCompletionSource`1 completion, Int32 timeout, Task& task, Boolean& usedCache, Boolean asyncWrite, Boolean inRetry, String method)
   at Microsoft.Data.SqlClient.SqlCommand.RunExecuteReader(CommandBehavior cmdBehavior, RunBehavior runBehavior, Boolean returnStream, String method)
   at Microsoft.Data.SqlClient.SqlCommand.ExecuteReader(CommandBehavior behavior)
   at Microsoft.Data.SqlClient.SqlCommand.ExecuteDbDataReader(CommandBehavior behavior)
   at Microsoft.EntityFrameworkCore.Storage.RelationalCommand.ExecuteReader(RelationalCommandParameterObject parameterObject)
   at Microsoft.EntityFrameworkCore.Update.ReaderModificationCommandBatch.Execute(IRelationalConnection connection)
ClientConnectionId:0051a074-494f-4264-80d7-3b61fc1369ba
Error Number:544,State:1,Class:16
   --- End of inner exception stack trace ---
   at Microsoft.EntityFrameworkCore.Update.ReaderModificationCommandBatch.Execute(IRelationalConnection connection)
   at Microsoft.EntityFrameworkCore.SqlServer.Update.Internal.SqlServerModificationCommandBatch.Execute(IRelationalConnection connection)
   at Microsoft.EntityFrameworkCore.Update.Internal.BatchExecutor.Execute(IEnumerable`1 commandBatches, IRelationalConnection connection)
   at Microsoft.EntityFrameworkCore.Storage.RelationalDatabase.SaveChanges(IList`1 entries)
   at Microsoft.EntityFrameworkCore.ChangeTracking.Internal.StateManager.SaveChanges(IList`1 entriesToSave)
   at Microsoft.EntityFrameworkCore.ChangeTracking.Internal.StateManager.SaveChanges(StateManager stateManager, Boolean acceptAllChangesOnSuccess)
   at Microsoft.EntityFrameworkCore.ChangeTracking.Internal.StateManager.<>c.<SaveChanges>b__112_0(DbContext _, ValueTuple`2 t)
   at Microsoft.EntityFrameworkCore.SqlServer.Storage.Internal.SqlServerExecutionStrategy.Execute[TState,TResult](TState state, Func`3 operation, Func`3 verifySucceeded)
   at Microsoft.EntityFrameworkCore.ChangeTracking.Internal.StateManager.SaveChanges(Boolean acceptAllChangesOnSuccess)
   at Microsoft.EntityFrameworkCore.DbContext.SaveChanges(Boolean acceptAllChangesOnSuccess)
2024-09-22 21:55:30.412 +03:00 [INF] Executed action Faid.Controllers.PartnershipRequestsController.PostPartnershipRequest (Faid) in 144.0894ms
2024-09-22 21:55:30.414 +03:00 [INF] Executed endpoint 'Faid.Controllers.PartnershipRequestsController.PostPartnershipRequest (Faid)'
2024-09-22 21:55:30.415 +03:00 [ERR] An unhandled exception has occurred while executing the request.
Microsoft.EntityFrameworkCore.DbUpdateException: An error occurred while saving the entity changes. See the inner exception for details.
 ---> Microsoft.Data.SqlClient.SqlException (0x80131904): Cannot insert explicit value for identity column in table 'PartnershipRequests' when IDENTITY_INSERT is set to OFF.
   at Microsoft.Data.SqlClient.SqlConnection.OnError(SqlException exception, Boolean breakConnection, Action`1 wrapCloseInAction)
   at Microsoft.Data.SqlClient.SqlInternalConnection.OnError(SqlException exception, Boolean breakConnection, Action`1 wrapCloseInAction)
   at Microsoft.Data.SqlClient.TdsParser.ThrowExceptionAndWarning(TdsParserStateObject stateObj, Boolean callerHasConnectionLock, Boolean asyncClose)
   at Microsoft.Data.SqlClient.TdsParser.TryRun(RunBehavior runBehavior, SqlCommand cmdHandler, SqlDataReader dataStream, BulkCopySimpleResultSet bulkCopyHandler, TdsParserStateObject stateObj, Boolean& dataReady)
   at Microsoft.Data.SqlClient.SqlDataReader.TryConsumeMetaData()
   at Microsoft.Data.SqlClient.SqlDataReader.get_MetaData()
   at Microsoft.Data.SqlClient.SqlCommand.FinishExecuteReader(SqlDataReader ds, RunBehavior runBehavior, String resetOptionsString, Boolean isInternal, Boolean forDescribeParameterEncryption, Boolean shouldCacheForAlwaysEncrypted)
   at Microsoft.Data.SqlClient.SqlCommand.RunExecuteReaderTds(CommandBehavior cmdBehavior, RunBehavior runBehavior, Boolean returnStream, Boolean isAsync, Int32 timeout, Task& task, Boolean asyncWrite, Boolean inRetry, SqlDataReader ds, Boolean describeParameterEncryptionRequest)
   at Microsoft.Data.SqlClient.SqlCommand.RunExecuteReader(CommandBehavior cmdBehavior, RunBehavior runBehavior, Boolean returnStream, TaskCompletionSource`1 completion, Int32 timeout, Task& task, Boolean& usedCache, Boolean asyncWrite, Boolean inRetry, String method)
   at Microsoft.Data.SqlClient.SqlCommand.RunExecuteReader(CommandBehavior cmdBehavior, RunBehavior runBehavior, Boolean returnStream, String method)
   at Microsoft.Data.SqlClient.SqlCommand.ExecuteReader(CommandBehavior behavior)
   at Microsoft.Data.SqlClient.SqlCommand.ExecuteDbDataReader(CommandBehavior behavior)
   at Microsoft.EntityFrameworkCore.Storage.RelationalCommand.ExecuteReader(RelationalCommandParameterObject parameterObject)
   at Microsoft.EntityFrameworkCore.Update.ReaderModificationCommandBatch.Execute(IRelationalConnection connection)
ClientConnectionId:0051a074-494f-4264-80d7-3b61fc1369ba
Error Number:544,State:1,Class:16
   --- End of inner exception stack trace ---
   at Microsoft.EntityFrameworkCore.Update.ReaderModificationCommandBatch.Execute(IRelationalConnection connection)
   at Microsoft.EntityFrameworkCore.SqlServer.Update.Internal.SqlServerModificationCommandBatch.Execute(IRelationalConnection connection)
   at Microsoft.EntityFrameworkCore.Update.Internal.BatchExecutor.Execute(IEnumerable`1 commandBatches, IRelationalConnection connection)
   at Microsoft.EntityFrameworkCore.Storage.RelationalDatabase.SaveChanges(IList`1 entries)
   at Microsoft.EntityFrameworkCore.ChangeTracking.Internal.StateManager.SaveChanges(IList`1 entriesToSave)
   at Microsoft.EntityFrameworkCore.ChangeTracking.Internal.StateManager.SaveChanges(StateManager stateManager, Boolean acceptAllChangesOnSuccess)
   at Microsoft.EntityFrameworkCore.ChangeTracking.Internal.StateManager.<>c.<SaveChanges>b__112_0(DbContext _, ValueTuple`2 t)
   at Microsoft.EntityFrameworkCore.SqlServer.Storage.Internal.SqlServerExecutionStrategy.Execute[TState,TResult](TState state, Func`3 operation, Func`3 verifySucceeded)
   at Microsoft.EntityFrameworkCore.ChangeTracking.Internal.StateManager.SaveChanges(Boolean acceptAllChangesOnSuccess)
   at Microsoft.EntityFrameworkCore.DbContext.SaveChanges(Boolean acceptAllChangesOnSuccess)
   at Microsoft.EntityFrameworkCore.DbContext.SaveChanges()
   at Faid.Controllers.PartnershipRequestsController.PostPartnershipRequest(PartnershipRequest request) in C:\Users\Orange\Downloads\master\Masterpiece10-OCA\Faid\Faid\Controllers\PartnershipRequestsController.cs:line 32
   at lambda_method3(Closure, Object, Object[])
   at Microsoft.AspNetCore.Mvc.Infrastructure.ActionMethodExecutor.SyncObjectResultExecutor.Execute(ActionContext actionContext, IActionResultTypeMapper mapper, ObjectMethodExecutor executor, Object controller, Object[] arguments)
   at Microsoft.AspNetCore.Mvc.Infrastructure.ControllerActionInvoker.InvokeActionMethodAsync()
   at Microsoft.AspNetCore.Mvc.Infrastructure.ControllerActionInvoker.Next(State& next, Scope& scope, Object& state, Boolean& isCompleted)
   at Microsoft.AspNetCore.Mvc.Infrastructure.ControllerActionInvoker.InvokeNextActionFilterAsync()
--- End of stack trace from previous location ---
   at Microsoft.AspNetCore.Mvc.Infrastructure.ControllerActionInvoker.Rethrow(ActionExecutedContextSealed context)
   at Microsoft.AspNetCore.Mvc.Infrastructure.ControllerActionInvoker.Next(State& next, Scope& scope, Object& state, Boolean& isCompleted)
   at Microsoft.AspNetCore.Mvc.Infrastructure.ControllerActionInvoker.InvokeInnerFilterAsync()
--- End of stack trace from previous location ---
   at Microsoft.AspNetCore.Mvc.Infrastructure.ResourceInvoker.<InvokeFilterPipelineAsync>g__Awaited|20_0(ResourceInvoker invoker, Task lastTask, State next, Scope scope, Object state, Boolean isCompleted)
   at Microsoft.AspNetCore.Mvc.Infrastructure.ResourceInvoker.<InvokeAsync>g__Logged|17_1(ResourceInvoker invoker)
   at Microsoft.AspNetCore.Mvc.Infrastructure.ResourceInvoker.<InvokeAsync>g__Logged|17_1(ResourceInvoker invoker)
   at Microsoft.AspNetCore.Routing.EndpointMiddleware.<Invoke>g__AwaitRequestTask|7_0(Endpoint endpoint, Task requestTask, ILogger logger)
   at Microsoft.AspNetCore.Authorization.AuthorizationMiddleware.Invoke(HttpContext context)
   at Swashbuckle.AspNetCore.SwaggerUI.SwaggerUIMiddleware.Invoke(HttpContext httpContext)
   at Swashbuckle.AspNetCore.Swagger.SwaggerMiddleware.Invoke(HttpContext httpContext, ISwaggerProvider swaggerProvider)
   at Microsoft.AspNetCore.Authentication.AuthenticationMiddleware.Invoke(HttpContext context)
   at Microsoft.AspNetCore.Diagnostics.DeveloperExceptionPageMiddlewareImpl.Invoke(HttpContext context)
2024-09-22 21:55:30.442 +03:00 [INF] Request finished HTTP/2 POST https://localhost:7235/api/PartnershipRequests - 500 null text/plain; charset=utf-8 196.568ms
2024-09-22 21:59:20.398 +03:00 [INF] Now listening on: https://localhost:7235
2024-09-22 21:59:20.427 +03:00 [INF] Now listening on: http://localhost:5001
2024-09-22 21:59:20.468 +03:00 [INF] Application started. Press Ctrl+C to shut down.
2024-09-22 21:59:20.470 +03:00 [INF] Hosting environment: Development
2024-09-22 21:59:20.472 +03:00 [INF] Content root path: C:\Users\Orange\Downloads\master\Masterpiece10-OCA\Faid\Faid
2024-09-22 21:59:20.530 +03:00 [INF] Request starting HTTP/2 GET https://localhost:7235/swagger/index.html - null null
2024-09-22 21:59:20.654 +03:00 [INF] Request finished HTTP/2 GET https://localhost:7235/swagger/index.html - 200 null text/html;charset=utf-8 124.5573ms
2024-09-22 21:59:20.670 +03:00 [INF] Request starting HTTP/2 GET https://localhost:7235/_vs/browserLink - null null
2024-09-22 21:59:20.676 +03:00 [INF] Request starting HTTP/2 GET https://localhost:7235/_framework/aspnetcore-browser-refresh.js - null null
2024-09-22 21:59:20.684 +03:00 [INF] Request finished HTTP/2 GET https://localhost:7235/_framework/aspnetcore-browser-refresh.js - 200 13744 application/javascript; charset=utf-8 7.7761ms
2024-09-22 21:59:20.701 +03:00 [INF] Request finished HTTP/2 GET https://localhost:7235/_vs/browserLink - 200 null text/javascript; charset=UTF-8 30.4204ms
2024-09-22 21:59:21.082 +03:00 [INF] Request starting HTTP/2 GET https://localhost:7235/swagger/v1/swagger.json - null null
2024-09-22 21:59:21.157 +03:00 [INF] Request finished HTTP/2 GET https://localhost:7235/swagger/v1/swagger.json - 200 null application/json;charset=utf-8 75.082ms
2024-09-22 22:00:09.357 +03:00 [INF] Now listening on: https://localhost:7235
2024-09-22 22:00:09.384 +03:00 [INF] Now listening on: http://localhost:5001
2024-09-22 22:00:09.417 +03:00 [INF] Application started. Press Ctrl+C to shut down.
2024-09-22 22:00:09.419 +03:00 [INF] Hosting environment: Development
2024-09-22 22:00:09.421 +03:00 [INF] Content root path: C:\Users\Orange\Downloads\master\Masterpiece10-OCA\Faid\Faid
2024-09-22 22:12:52.250 +03:00 [INF] Now listening on: https://localhost:7235
2024-09-22 22:12:52.286 +03:00 [INF] Now listening on: http://localhost:5001
2024-09-22 22:12:52.327 +03:00 [INF] Application started. Press Ctrl+C to shut down.
2024-09-22 22:12:52.330 +03:00 [INF] Hosting environment: Development
2024-09-22 22:12:52.331 +03:00 [INF] Content root path: C:\Users\Orange\Downloads\master\Masterpiece10-OCA\Faid\Faid
2024-09-22 22:12:52.563 +03:00 [INF] Request starting HTTP/2 GET https://localhost:7235/swagger/index.html - null null
2024-09-22 22:12:52.699 +03:00 [INF] Request finished HTTP/2 GET https://localhost:7235/swagger/index.html - 200 null text/html;charset=utf-8 136.701ms
2024-09-22 22:12:52.711 +03:00 [INF] Request starting HTTP/2 GET https://localhost:7235/_framework/aspnetcore-browser-refresh.js - null null
2024-09-22 22:12:52.719 +03:00 [INF] Request starting HTTP/2 GET https://localhost:7235/_vs/browserLink - null null
2024-09-22 22:12:52.736 +03:00 [INF] Request finished HTTP/2 GET https://localhost:7235/_framework/aspnetcore-browser-refresh.js - 200 13744 application/javascript; charset=utf-8 24.2481ms
2024-09-22 22:12:52.761 +03:00 [INF] Request finished HTTP/2 GET https://localhost:7235/_vs/browserLink - 200 null text/javascript; charset=UTF-8 42.3783ms
2024-09-22 22:12:52.836 +03:00 [INF] Request starting HTTP/2 GET https://localhost:7235/swagger/v1/swagger.json - null null
2024-09-22 22:12:52.924 +03:00 [INF] Request finished HTTP/2 GET https://localhost:7235/swagger/v1/swagger.json - 200 null application/json;charset=utf-8 87.5471ms
2024-09-22 22:13:36.192 +03:00 [INF] Now listening on: https://localhost:7235
2024-09-22 22:13:36.222 +03:00 [INF] Now listening on: http://localhost:5001
2024-09-22 22:13:36.263 +03:00 [INF] Application started. Press Ctrl+C to shut down.
2024-09-22 22:13:36.266 +03:00 [INF] Hosting environment: Development
2024-09-22 22:13:36.267 +03:00 [INF] Content root path: C:\Users\Orange\Downloads\master\Masterpiece10-OCA\Faid\Faid
2024-09-22 22:13:36.307 +03:00 [INF] Request starting HTTP/2 GET https://localhost:7235/swagger/index.html - null null
2024-09-22 22:13:36.404 +03:00 [INF] Request finished HTTP/2 GET https://localhost:7235/swagger/index.html - 200 null text/html;charset=utf-8 97.6777ms
2024-09-22 22:13:36.414 +03:00 [INF] Request starting HTTP/2 GET https://localhost:7235/_framework/aspnetcore-browser-refresh.js - null null
2024-09-22 22:13:36.414 +03:00 [INF] Request starting HTTP/2 GET https://localhost:7235/_vs/browserLink - null null
2024-09-22 22:13:36.421 +03:00 [INF] Request finished HTTP/2 GET https://localhost:7235/_framework/aspnetcore-browser-refresh.js - 200 13744 application/javascript; charset=utf-8 6.4169ms
2024-09-22 22:13:36.438 +03:00 [INF] Request finished HTTP/2 GET https://localhost:7235/_vs/browserLink - 200 null text/javascript; charset=UTF-8 23.8111ms
2024-09-22 22:13:36.539 +03:00 [INF] Request starting HTTP/2 GET https://localhost:7235/swagger/v1/swagger.json - null null
2024-09-22 22:13:36.600 +03:00 [INF] Request finished HTTP/2 GET https://localhost:7235/swagger/v1/swagger.json - 200 null application/json;charset=utf-8 61.6524ms
2024-09-22 22:13:36.742 +03:00 [INF] Request starting HTTP/2 GET https://localhost:7235/swagger/index.html - null null
2024-09-22 22:13:36.755 +03:00 [INF] Request finished HTTP/2 GET https://localhost:7235/swagger/index.html - 200 null text/html;charset=utf-8 13.1279ms
2024-09-22 22:13:36.770 +03:00 [INF] Request starting HTTP/2 GET https://localhost:7235/_vs/browserLink - null null
2024-09-22 22:13:36.772 +03:00 [INF] Request starting HTTP/2 GET https://localhost:7235/_framework/aspnetcore-browser-refresh.js - null null
2024-09-22 22:13:36.775 +03:00 [INF] Request finished HTTP/2 GET https://localhost:7235/_framework/aspnetcore-browser-refresh.js - 200 13744 application/javascript; charset=utf-8 3.0886ms
2024-09-22 22:13:36.784 +03:00 [INF] Request finished HTTP/2 GET https://localhost:7235/_vs/browserLink - 200 null text/javascript; charset=UTF-8 14.2252ms
2024-09-22 22:13:36.851 +03:00 [INF] Request starting HTTP/2 GET https://localhost:7235/swagger/v1/swagger.json - null null
2024-09-22 22:13:36.859 +03:00 [INF] Request finished HTTP/2 GET https://localhost:7235/swagger/v1/swagger.json - 200 null application/json;charset=utf-8 8.1267ms
2024-09-22 22:18:35.648 +03:00 [INF] Now listening on: https://localhost:7235
2024-09-22 22:18:35.681 +03:00 [INF] Now listening on: http://localhost:5001
2024-09-22 22:18:35.723 +03:00 [INF] Application started. Press Ctrl+C to shut down.
2024-09-22 22:18:35.726 +03:00 [INF] Hosting environment: Development
2024-09-22 22:18:35.730 +03:00 [INF] Content root path: C:\Users\Orange\Downloads\master\Masterpiece10-OCA\Faid\Faid
2024-09-22 22:19:15.756 +03:00 [INF] Now listening on: https://localhost:7235
2024-09-22 22:19:15.785 +03:00 [INF] Now listening on: http://localhost:5001
2024-09-22 22:19:15.822 +03:00 [INF] Application started. Press Ctrl+C to shut down.
2024-09-22 22:19:15.825 +03:00 [INF] Hosting environment: Development
2024-09-22 22:19:15.826 +03:00 [INF] Content root path: C:\Users\Orange\Downloads\master\Masterpiece10-OCA\Faid\Faid
2024-09-22 22:19:16.444 +03:00 [INF] Request starting HTTP/2 GET https://localhost:7235/swagger/index.html - null null
2024-09-22 22:19:16.557 +03:00 [INF] Request finished HTTP/2 GET https://localhost:7235/swagger/index.html - 200 null text/html;charset=utf-8 113.749ms
2024-09-22 22:19:16.577 +03:00 [INF] Request starting HTTP/2 GET https://localhost:7235/_vs/browserLink - null null
2024-09-22 22:19:16.577 +03:00 [INF] Request starting HTTP/2 GET https://localhost:7235/_framework/aspnetcore-browser-refresh.js - null null
2024-09-22 22:19:16.593 +03:00 [INF] Request finished HTTP/2 GET https://localhost:7235/_framework/aspnetcore-browser-refresh.js - 200 13744 application/javascript; charset=utf-8 15.1332ms
2024-09-22 22:19:16.606 +03:00 [INF] Request finished HTTP/2 GET https://localhost:7235/_vs/browserLink - 200 null text/javascript; charset=UTF-8 29.0178ms
2024-09-22 22:19:16.647 +03:00 [INF] Request starting HTTP/2 GET https://localhost:7235/swagger/v1/swagger.json - null null
2024-09-22 22:19:16.723 +03:00 [INF] Request finished HTTP/2 GET https://localhost:7235/swagger/v1/swagger.json - 200 null application/json;charset=utf-8 76.4288ms
2024-09-22 22:20:29.115 +03:00 [INF] Request starting HTTP/2 POST https://localhost:7235/api/ServicesRequestsForms/PartnershipRequest - multipart/form-data; boundary=----WebKitFormBoundarypRvvDqvd10PBAdr0 680
2024-09-22 22:20:29.130 +03:00 [INF] CORS policy execution successful.
2024-09-22 22:20:29.136 +03:00 [INF] Executing endpoint 'Faid.Controllers.ServicesRequestsForms.PartnershipRequest (Faid)'
2024-09-22 22:20:29.177 +03:00 [INF] Route matched with {action = "PartnershipRequest", controller = "ServicesRequestsForms"}. Executing controller action with signature Microsoft.AspNetCore.Mvc.IActionResult PartnershipRequest(Faid.DTOs.PartnershipReq) on controller Faid.Controllers.ServicesRequestsForms (Faid).
2024-09-22 22:20:30.687 +03:00 [WRN] The query uses the 'First'/'FirstOrDefault' operator without 'OrderBy' and filter operators. This may lead to unpredictable results.
2024-09-22 22:20:31.185 +03:00 [INF] Executed DbCommand (30ms) [Parameters=[], CommandType='"Text"', CommandTimeout='30']
SELECT TOP(1) [p].[RequestID], [p].[ContactPerson], [p].[ContactPhoneNumber], [p].[Email], [p].[OrganizationName], [p].[OrganizationType], [p].[PartnershipGoals]
FROM [PartnershipRequests] AS [p]
2024-09-22 22:20:31.512 +03:00 [INF] Executed DbCommand (95ms) [Parameters=[@p0='?' (Size = 100), @p1='?' (Size = 15) (DbType = AnsiString), @p2='?' (Size = 100), @p3='?' (Size = 100), @p4='?' (Size = 100), @p5='?' (Size = 255)], CommandType='"Text"', CommandTimeout='30']
SET IMPLICIT_TRANSACTIONS OFF;
SET NOCOUNT ON;
INSERT INTO [PartnershipRequests] ([ContactPerson], [ContactPhoneNumber], [Email], [OrganizationName], [OrganizationType], [PartnershipGoals])
OUTPUT INSERTED.[RequestID]
VALUES (@p0, @p1, @p2, @p3, @p4, @p5);
2024-09-22 22:20:31.554 +03:00 [INF] Executing OkObjectResult, writing value of type 'Faid.Models.PartnershipRequest'.
2024-09-22 22:20:31.568 +03:00 [INF] Executed action Faid.Controllers.ServicesRequestsForms.PartnershipRequest (Faid) in 2379.6957ms
2024-09-22 22:20:31.574 +03:00 [INF] Executed endpoint 'Faid.Controllers.ServicesRequestsForms.PartnershipRequest (Faid)'
2024-09-22 22:20:31.586 +03:00 [INF] Request finished HTTP/2 POST https://localhost:7235/api/ServicesRequestsForms/PartnershipRequest - 200 null application/json; charset=utf-8 2471.1455ms
2024-09-22 22:21:25.107 +03:00 [INF] Now listening on: https://localhost:7235
2024-09-22 22:21:25.137 +03:00 [INF] Now listening on: http://localhost:5001
2024-09-22 22:21:25.170 +03:00 [INF] Application started. Press Ctrl+C to shut down.
2024-09-22 22:21:25.174 +03:00 [INF] Hosting environment: Development
2024-09-22 22:21:25.176 +03:00 [INF] Content root path: C:\Users\Orange\Downloads\master\Masterpiece10-OCA\Faid\Faid
2024-09-22 22:21:25.487 +03:00 [INF] Request starting HTTP/2 GET https://localhost:7235/swagger/index.html - null null
2024-09-22 22:21:25.594 +03:00 [INF] Request finished HTTP/2 GET https://localhost:7235/swagger/index.html - 200 null text/html;charset=utf-8 106.6075ms
2024-09-22 22:21:25.678 +03:00 [INF] Request starting HTTP/2 GET https://localhost:7235/_vs/browserLink - null null
2024-09-22 22:21:25.678 +03:00 [INF] Request starting HTTP/2 GET https://localhost:7235/_framework/aspnetcore-browser-refresh.js - null null
2024-09-22 22:21:25.691 +03:00 [INF] Request finished HTTP/2 GET https://localhost:7235/_framework/aspnetcore-browser-refresh.js - 200 13744 application/javascript; charset=utf-8 12.893ms
2024-09-22 22:21:25.718 +03:00 [INF] Request finished HTTP/2 GET https://localhost:7235/_vs/browserLink - 200 null text/javascript; charset=UTF-8 39.3697ms
2024-09-22 22:21:25.771 +03:00 [INF] Request starting HTTP/2 GET https://localhost:7235/swagger/v1/swagger.json - null null
2024-09-22 22:21:25.853 +03:00 [INF] Request finished HTTP/2 GET https://localhost:7235/swagger/v1/swagger.json - 200 null application/json;charset=utf-8 81.9727ms
2024-09-22 22:22:18.123 +03:00 [INF] Request starting HTTP/2 POST https://localhost:7235/api/ServicesRequestsForms - multipart/form-data; boundary=----WebKitFormBoundarybrOGVnjqC4QDhOsn 678
2024-09-22 22:22:18.134 +03:00 [INF] CORS policy execution successful.
2024-09-22 22:22:18.138 +03:00 [INF] Executing endpoint 'Faid.Controllers.ServicesRequestsForms.PartnershipRequest (Faid)'
2024-09-22 22:22:18.152 +03:00 [INF] Route matched with {action = "PartnershipRequest", controller = "ServicesRequestsForms"}. Executing controller action with signature Microsoft.AspNetCore.Mvc.IActionResult PartnershipRequest(Faid.DTOs.PartnershipReq) on controller Faid.Controllers.ServicesRequestsForms (Faid).
2024-09-22 22:22:18.676 +03:00 [WRN] The query uses the 'First'/'FirstOrDefault' operator without 'OrderBy' and filter operators. This may lead to unpredictable results.
2024-09-22 22:22:18.863 +03:00 [INF] Executed DbCommand (11ms) [Parameters=[], CommandType='"Text"', CommandTimeout='30']
SELECT TOP(1) [p].[RequestID], [p].[ContactPerson], [p].[ContactPhoneNumber], [p].[Email], [p].[OrganizationName], [p].[OrganizationType], [p].[PartnershipGoals]
FROM [PartnershipRequests] AS [p]
2024-09-22 22:22:18.968 +03:00 [INF] Executed DbCommand (8ms) [Parameters=[@p0='?' (Size = 100), @p1='?' (Size = 15) (DbType = AnsiString), @p2='?' (Size = 100), @p3='?' (Size = 100), @p4='?' (Size = 100), @p5='?' (Size = 255)], CommandType='"Text"', CommandTimeout='30']
SET IMPLICIT_TRANSACTIONS OFF;
SET NOCOUNT ON;
INSERT INTO [PartnershipRequests] ([ContactPerson], [ContactPhoneNumber], [Email], [OrganizationName], [OrganizationType], [PartnershipGoals])
OUTPUT INSERTED.[RequestID]
VALUES (@p0, @p1, @p2, @p3, @p4, @p5);
2024-09-22 22:22:18.985 +03:00 [INF] Executing OkObjectResult, writing value of type 'Faid.Models.PartnershipRequest'.
2024-09-22 22:22:18.994 +03:00 [INF] Executed action Faid.Controllers.ServicesRequestsForms.PartnershipRequest (Faid) in 831.3275ms
2024-09-22 22:22:18.996 +03:00 [INF] Executed endpoint 'Faid.Controllers.ServicesRequestsForms.PartnershipRequest (Faid)'
2024-09-22 22:22:19.001 +03:00 [INF] Request finished HTTP/2 POST https://localhost:7235/api/ServicesRequestsForms - 200 null application/json; charset=utf-8 878.3846ms
2024-09-22 22:23:15.704 +03:00 [INF] Now listening on: https://localhost:7235
2024-09-22 22:23:15.737 +03:00 [INF] Now listening on: http://localhost:5001
2024-09-22 22:23:15.772 +03:00 [INF] Application started. Press Ctrl+C to shut down.
2024-09-22 22:23:15.775 +03:00 [INF] Hosting environment: Development
2024-09-22 22:23:15.775 +03:00 [INF] Content root path: C:\Users\Orange\Downloads\master\Masterpiece10-OCA\Faid\Faid
2024-09-22 22:23:16.055 +03:00 [INF] Request starting HTTP/2 GET https://localhost:7235/swagger/index.html - null null
2024-09-22 22:23:16.162 +03:00 [INF] Request finished HTTP/2 GET https://localhost:7235/swagger/index.html - 200 null text/html;charset=utf-8 108.0091ms
2024-09-22 22:23:16.176 +03:00 [INF] Request starting HTTP/2 GET https://localhost:7235/_vs/browserLink - null null
2024-09-22 22:23:16.176 +03:00 [INF] Request starting HTTP/2 GET https://localhost:7235/_framework/aspnetcore-browser-refresh.js - null null
2024-09-22 22:23:16.186 +03:00 [INF] Request finished HTTP/2 GET https://localhost:7235/_framework/aspnetcore-browser-refresh.js - 200 13744 application/javascript; charset=utf-8 10.195ms
2024-09-22 22:23:16.203 +03:00 [INF] Request finished HTTP/2 GET https://localhost:7235/_vs/browserLink - 200 null text/javascript; charset=UTF-8 26.7244ms
2024-09-22 22:23:16.313 +03:00 [INF] Request starting HTTP/2 GET https://localhost:7235/swagger/v1/swagger.json - null null
2024-09-22 22:23:16.409 +03:00 [INF] Request finished HTTP/2 GET https://localhost:7235/swagger/v1/swagger.json - 200 null application/json;charset=utf-8 95.5432ms
2024-09-22 22:23:59.930 +03:00 [INF] Request starting HTTP/2 POST https://localhost:7235/api/ServicesRequestsForms - multipart/form-data; boundary=----WebKitFormBoundaryGirGJC4JFScjLWTo 688
2024-09-22 22:23:59.946 +03:00 [INF] CORS policy execution successful.
2024-09-22 22:23:59.955 +03:00 [INF] Executing endpoint 'Faid.Controllers.ServicesRequestsForms.PartnershipRequest (Faid)'
2024-09-22 22:23:59.985 +03:00 [INF] Route matched with {action = "PartnershipRequest", controller = "ServicesRequestsForms"}. Executing controller action with signature Microsoft.AspNetCore.Mvc.IActionResult PartnershipRequest(Faid.DTOs.PartnershipReq) on controller Faid.Controllers.ServicesRequestsForms (Faid).
2024-09-22 22:24:01.456 +03:00 [WRN] The query uses the 'First'/'FirstOrDefault' operator without 'OrderBy' and filter operators. This may lead to unpredictable results.
2024-09-22 22:24:01.895 +03:00 [INF] Executed DbCommand (27ms) [Parameters=[], CommandType='"Text"', CommandTimeout='30']
SELECT TOP(1) [p].[RequestID], [p].[ContactPerson], [p].[ContactPhoneNumber], [p].[Email], [p].[OrganizationName], [p].[OrganizationType], [p].[PartnershipGoals]
FROM [PartnershipRequests] AS [p]
2024-09-22 22:24:02.159 +03:00 [INF] Executed DbCommand (37ms) [Parameters=[@p0='?' (Size = 100), @p1='?' (Size = 15) (DbType = AnsiString), @p2='?' (Size = 100), @p3='?' (Size = 100), @p4='?' (Size = 100), @p5='?' (Size = 255)], CommandType='"Text"', CommandTimeout='30']
SET IMPLICIT_TRANSACTIONS OFF;
SET NOCOUNT ON;
INSERT INTO [PartnershipRequests] ([ContactPerson], [ContactPhoneNumber], [Email], [OrganizationName], [OrganizationType], [PartnershipGoals])
OUTPUT INSERTED.[RequestID]
VALUES (@p0, @p1, @p2, @p3, @p4, @p5);
2024-09-22 22:24:02.197 +03:00 [INF] Executing OkObjectResult, writing value of type 'Faid.Models.PartnershipRequest'.
2024-09-22 22:24:02.211 +03:00 [INF] Executed action Faid.Controllers.ServicesRequestsForms.PartnershipRequest (Faid) in 2213.6554ms
2024-09-22 22:24:02.217 +03:00 [INF] Executed endpoint 'Faid.Controllers.ServicesRequestsForms.PartnershipRequest (Faid)'
2024-09-22 22:24:02.232 +03:00 [INF] Request finished HTTP/2 POST https://localhost:7235/api/ServicesRequestsForms - 200 null application/json; charset=utf-8 2301.3532ms
2024-09-22 22:40:43.665 +03:00 [INF] Request starting HTTP/2 GET https://localhost:7235/swagger/index.html - null null
2024-09-22 22:40:43.688 +03:00 [INF] Request finished HTTP/2 GET https://localhost:7235/swagger/index.html - 200 null text/html;charset=utf-8 23.1193ms
2024-09-22 22:40:43.701 +03:00 [INF] Request starting HTTP/2 GET https://localhost:7235/_vs/browserLink - null null
2024-09-22 22:40:43.701 +03:00 [INF] Request starting HTTP/2 GET https://localhost:7235/_framework/aspnetcore-browser-refresh.js - null null
2024-09-22 22:40:43.705 +03:00 [INF] Request finished HTTP/2 GET https://localhost:7235/_framework/aspnetcore-browser-refresh.js - 200 13744 application/javascript; charset=utf-8 3.9801ms
2024-09-22 22:40:43.714 +03:00 [INF] Request finished HTTP/2 GET https://localhost:7235/_vs/browserLink - 200 null text/javascript; charset=UTF-8 12.3544ms
2024-09-22 22:40:43.850 +03:00 [INF] Request starting HTTP/2 GET https://localhost:7235/swagger/v1/swagger.json - null null
2024-09-22 22:40:43.863 +03:00 [INF] Request finished HTTP/2 GET https://localhost:7235/swagger/v1/swagger.json - 200 null application/json;charset=utf-8 12.8506ms
2024-09-22 22:42:02.743 +03:00 [INF] Now listening on: https://localhost:7235
2024-09-22 22:42:02.768 +03:00 [INF] Now listening on: http://localhost:5001
2024-09-22 22:42:02.806 +03:00 [INF] Application started. Press Ctrl+C to shut down.
2024-09-22 22:42:02.809 +03:00 [INF] Hosting environment: Development
2024-09-22 22:42:02.812 +03:00 [INF] Content root path: C:\Users\Orange\Downloads\master\Masterpiece10-OCA\Faid\Faid
2024-09-22 22:42:03.200 +03:00 [INF] Now listening on: https://localhost:7235
2024-09-22 22:42:03.226 +03:00 [INF] Now listening on: http://localhost:5001
2024-09-22 22:42:03.259 +03:00 [INF] Application started. Press Ctrl+C to shut down.
2024-09-22 22:42:03.263 +03:00 [INF] Hosting environment: Development
2024-09-22 22:42:03.265 +03:00 [INF] Content root path: C:\Users\Orange\Downloads\master\Masterpiece10-OCA\Faid\Faid
2024-09-22 22:42:03.569 +03:00 [INF] Request starting HTTP/2 GET https://localhost:7235/swagger/index.html - null null
2024-09-22 22:42:03.675 +03:00 [INF] Request finished HTTP/2 GET https://localhost:7235/swagger/index.html - 200 null text/html;charset=utf-8 106.6075ms
2024-09-22 22:42:03.794 +03:00 [INF] Request starting HTTP/2 GET https://localhost:7235/_framework/aspnetcore-browser-refresh.js - null null
2024-09-22 22:42:03.794 +03:00 [INF] Request starting HTTP/2 GET https://localhost:7235/_vs/browserLink - null null
2024-09-22 22:42:03.802 +03:00 [INF] Request finished HTTP/2 GET https://localhost:7235/_framework/aspnetcore-browser-refresh.js - 200 13744 application/javascript; charset=utf-8 7.5717ms
2024-09-22 22:42:03.823 +03:00 [INF] Request finished HTTP/2 GET https://localhost:7235/_vs/browserLink - 200 null text/javascript; charset=UTF-8 29.7649ms
2024-09-22 22:42:03.866 +03:00 [INF] Request starting HTTP/2 GET https://localhost:7235/swagger/v1/swagger.json - null null
2024-09-22 22:42:03.933 +03:00 [INF] Request finished HTTP/2 GET https://localhost:7235/swagger/v1/swagger.json - 200 null application/json;charset=utf-8 66.5759ms
2024-09-22 22:48:01.602 +03:00 [INF] Request starting HTTP/2 POST https://localhost:7235/api/ServicesRequestsForms/PostFoodCol - multipart/form-data; boundary=----WebKitFormBoundary14vLB7AHRHWWGcbl 854
2024-09-22 22:48:01.614 +03:00 [INF] CORS policy execution successful.
2024-09-22 22:48:01.618 +03:00 [INF] Executing endpoint 'Faid.Controllers.ServicesRequestsForms.FoodCollectionRequest (Faid)'
2024-09-22 22:48:01.631 +03:00 [INF] Route matched with {action = "FoodCollectionRequest", controller = "ServicesRequestsForms"}. Executing controller action with signature Microsoft.AspNetCore.Mvc.IActionResult FoodCollectionRequest(Faid.DTOs.FoodCollReq) on controller Faid.Controllers.ServicesRequestsForms (Faid).
2024-09-22 22:48:01.714 +03:00 [INF] Executing BadRequestObjectResult, writing value of type 'Microsoft.AspNetCore.Mvc.ValidationProblemDetails'.
2024-09-22 22:48:01.726 +03:00 [INF] Executed action Faid.Controllers.ServicesRequestsForms.FoodCollectionRequest (Faid) in 89.6093ms
2024-09-22 22:48:01.729 +03:00 [INF] Executed endpoint 'Faid.Controllers.ServicesRequestsForms.FoodCollectionRequest (Faid)'
2024-09-22 22:48:01.731 +03:00 [INF] Request finished HTTP/2 POST https://localhost:7235/api/ServicesRequestsForms/PostFoodCol - 400 null application/problem+json; charset=utf-8 129.5105ms
2024-09-22 22:49:45.428 +03:00 [INF] Request starting HTTP/2 POST https://localhost:7235/api/ServicesRequestsForms/PostFoodCol - multipart/form-data; boundary=----WebKitFormBoundaryG65LXxAqzSbF61Ag 854
2024-09-22 22:49:45.436 +03:00 [INF] CORS policy execution successful.
2024-09-22 22:49:45.439 +03:00 [INF] Executing endpoint 'Faid.Controllers.ServicesRequestsForms.FoodCollectionRequest (Faid)'
2024-09-22 22:49:45.440 +03:00 [INF] Route matched with {action = "FoodCollectionRequest", controller = "ServicesRequestsForms"}. Executing controller action with signature Microsoft.AspNetCore.Mvc.IActionResult FoodCollectionRequest(Faid.DTOs.FoodCollReq) on controller Faid.Controllers.ServicesRequestsForms (Faid).
2024-09-22 22:49:45.446 +03:00 [INF] Executing BadRequestObjectResult, writing value of type 'Microsoft.AspNetCore.Mvc.ValidationProblemDetails'.
2024-09-22 22:49:45.447 +03:00 [INF] Executed action Faid.Controllers.ServicesRequestsForms.FoodCollectionRequest (Faid) in 5.8357ms
2024-09-22 22:49:45.448 +03:00 [INF] Executed endpoint 'Faid.Controllers.ServicesRequestsForms.FoodCollectionRequest (Faid)'
2024-09-22 22:49:45.449 +03:00 [INF] Request finished HTTP/2 POST https://localhost:7235/api/ServicesRequestsForms/PostFoodCol - 400 null application/problem+json; charset=utf-8 20.789ms
2024-09-22 22:50:43.796 +03:00 [INF] Request starting HTTP/2 POST https://localhost:7235/api/ServicesRequestsForms/PostFoodCol - multipart/form-data; boundary=----WebKitFormBoundaryw4vxLZLuwSt7YXkx 853
2024-09-22 22:50:43.805 +03:00 [INF] CORS policy execution successful.
2024-09-22 22:50:43.811 +03:00 [INF] Executing endpoint 'Faid.Controllers.ServicesRequestsForms.FoodCollectionRequest (Faid)'
2024-09-22 22:50:43.813 +03:00 [INF] Route matched with {action = "FoodCollectionRequest", controller = "ServicesRequestsForms"}. Executing controller action with signature Microsoft.AspNetCore.Mvc.IActionResult FoodCollectionRequest(Faid.DTOs.FoodCollReq) on controller Faid.Controllers.ServicesRequestsForms (Faid).
2024-09-22 22:50:43.816 +03:00 [INF] Executing BadRequestObjectResult, writing value of type 'Microsoft.AspNetCore.Mvc.ValidationProblemDetails'.
2024-09-22 22:50:43.817 +03:00 [INF] Executed action Faid.Controllers.ServicesRequestsForms.FoodCollectionRequest (Faid) in 2.7449ms
2024-09-22 22:50:43.819 +03:00 [INF] Executed endpoint 'Faid.Controllers.ServicesRequestsForms.FoodCollectionRequest (Faid)'
2024-09-22 22:50:43.821 +03:00 [INF] Request finished HTTP/2 POST https://localhost:7235/api/ServicesRequestsForms/PostFoodCol - 400 null application/problem+json; charset=utf-8 24.4169ms
2024-09-22 22:51:01.279 +03:00 [INF] Request starting HTTP/2 POST https://localhost:7235/api/ServicesRequestsForms/PostFoodCol - multipart/form-data; boundary=----WebKitFormBoundaryLpOypJn1SacBRJ6E 836
2024-09-22 22:51:01.287 +03:00 [INF] CORS policy execution successful.
2024-09-22 22:51:01.288 +03:00 [INF] Executing endpoint 'Faid.Controllers.ServicesRequestsForms.FoodCollectionRequest (Faid)'
2024-09-22 22:51:01.289 +03:00 [INF] Route matched with {action = "FoodCollectionRequest", controller = "ServicesRequestsForms"}. Executing controller action with signature Microsoft.AspNetCore.Mvc.IActionResult FoodCollectionRequest(Faid.DTOs.FoodCollReq) on controller Faid.Controllers.ServicesRequestsForms (Faid).
2024-09-22 22:51:01.291 +03:00 [INF] Executing BadRequestObjectResult, writing value of type 'Microsoft.AspNetCore.Mvc.ValidationProblemDetails'.
2024-09-22 22:51:01.295 +03:00 [INF] Executed action Faid.Controllers.ServicesRequestsForms.FoodCollectionRequest (Faid) in 4.6885ms
2024-09-22 22:51:01.295 +03:00 [INF] Executed endpoint 'Faid.Controllers.ServicesRequestsForms.FoodCollectionRequest (Faid)'
2024-09-22 22:51:01.296 +03:00 [INF] Request finished HTTP/2 POST https://localhost:7235/api/ServicesRequestsForms/PostFoodCol - 400 null application/problem+json; charset=utf-8 17.0542ms
2024-09-22 22:52:23.918 +03:00 [INF] Now listening on: https://localhost:7235
2024-09-22 22:52:23.943 +03:00 [INF] Now listening on: http://localhost:5001
2024-09-22 22:52:23.975 +03:00 [INF] Application started. Press Ctrl+C to shut down.
2024-09-22 22:52:23.977 +03:00 [INF] Hosting environment: Development
2024-09-22 22:52:23.979 +03:00 [INF] Content root path: C:\Users\Orange\Downloads\master\Masterpiece10-OCA\Faid\Faid
2024-09-22 22:52:33.127 +03:00 [INF] Request starting HTTP/2 GET https://localhost:7235/swagger/index.html - null null
2024-09-22 22:52:33.282 +03:00 [INF] Request finished HTTP/2 GET https://localhost:7235/swagger/index.html - 200 null text/html;charset=utf-8 156.5697ms
2024-09-22 22:52:33.377 +03:00 [INF] Request starting HTTP/2 GET https://localhost:7235/_framework/aspnetcore-browser-refresh.js - null null
2024-09-22 22:52:33.377 +03:00 [INF] Request starting HTTP/2 GET https://localhost:7235/_vs/browserLink - null null
2024-09-22 22:52:33.388 +03:00 [INF] Request finished HTTP/2 GET https://localhost:7235/_framework/aspnetcore-browser-refresh.js - 200 13744 application/javascript; charset=utf-8 11.8326ms
2024-09-22 22:52:33.419 +03:00 [INF] Request finished HTTP/2 GET https://localhost:7235/_vs/browserLink - 200 null text/javascript; charset=UTF-8 42.2382ms
2024-09-22 22:52:33.445 +03:00 [INF] Request starting HTTP/2 GET https://localhost:7235/swagger/v1/swagger.json - null null
2024-09-22 22:52:33.552 +03:00 [INF] Request finished HTTP/2 GET https://localhost:7235/swagger/v1/swagger.json - 200 null application/json;charset=utf-8 107.5437ms
2024-09-22 22:52:40.091 +03:00 [INF] Request starting HTTP/2 GET https://localhost:7235/swagger/index.html - null null
2024-09-22 22:52:40.110 +03:00 [INF] Request finished HTTP/2 GET https://localhost:7235/swagger/index.html - 200 null text/html;charset=utf-8 18.3897ms
2024-09-22 22:52:40.120 +03:00 [INF] Request starting HTTP/2 GET https://localhost:7235/_vs/browserLink - null null
2024-09-22 22:52:40.121 +03:00 [INF] Request starting HTTP/2 GET https://localhost:7235/_framework/aspnetcore-browser-refresh.js - null null
2024-09-22 22:52:40.126 +03:00 [INF] Request finished HTTP/2 GET https://localhost:7235/_framework/aspnetcore-browser-refresh.js - 200 13744 application/javascript; charset=utf-8 4.2927ms
2024-09-22 22:52:40.134 +03:00 [INF] Request finished HTTP/2 GET https://localhost:7235/_vs/browserLink - 200 null text/javascript; charset=UTF-8 13.3227ms
2024-09-22 22:52:40.187 +03:00 [INF] Request starting HTTP/2 GET https://localhost:7235/swagger/v1/swagger.json - null null
2024-09-22 22:52:40.197 +03:00 [INF] Request finished HTTP/2 GET https://localhost:7235/swagger/v1/swagger.json - 200 null application/json;charset=utf-8 9.7124ms
2024-09-22 22:54:02.595 +03:00 [INF] Request starting HTTP/2 POST https://localhost:7235/api/ServicesRequestsForms/PostFoodCol - multipart/form-data; boundary=----WebKitFormBoundaryraE9GC4npeXIA9s3 854
2024-09-22 22:54:02.607 +03:00 [INF] CORS policy execution successful.
2024-09-22 22:54:02.609 +03:00 [INF] Executing endpoint 'Faid.Controllers.ServicesRequestsForms.FoodCollectionRequest (Faid)'
2024-09-22 22:54:02.627 +03:00 [INF] Route matched with {action = "FoodCollectionRequest", controller = "ServicesRequestsForms"}. Executing controller action with signature Microsoft.AspNetCore.Mvc.IActionResult FoodCollectionRequest(Faid.DTOs.FoodCollReq) on controller Faid.Controllers.ServicesRequestsForms (Faid).
2024-09-22 22:54:02.762 +03:00 [INF] Executing BadRequestObjectResult, writing value of type 'Microsoft.AspNetCore.Mvc.ValidationProblemDetails'.
2024-09-22 22:54:02.781 +03:00 [INF] Executed action Faid.Controllers.ServicesRequestsForms.FoodCollectionRequest (Faid) in 145.727ms
2024-09-22 22:54:02.784 +03:00 [INF] Executed endpoint 'Faid.Controllers.ServicesRequestsForms.FoodCollectionRequest (Faid)'
2024-09-22 22:54:02.786 +03:00 [INF] Request finished HTTP/2 POST https://localhost:7235/api/ServicesRequestsForms/PostFoodCol - 400 null application/problem+json; charset=utf-8 190.6745ms
2024-09-22 22:56:45.629 +03:00 [INF] Request starting HTTP/2 POST https://localhost:7235/api/ServicesRequestsForms/PostFoodCol - multipart/form-data; boundary=----WebKitFormBoundaryPm4YmLTgH43pVDQm 816
2024-09-22 22:56:45.635 +03:00 [INF] CORS policy execution successful.
2024-09-22 22:56:45.637 +03:00 [INF] Executing endpoint 'Faid.Controllers.ServicesRequestsForms.FoodCollectionRequest (Faid)'
2024-09-22 22:56:45.641 +03:00 [INF] Route matched with {action = "FoodCollectionRequest", controller = "ServicesRequestsForms"}. Executing controller action with signature Microsoft.AspNetCore.Mvc.IActionResult FoodCollectionRequest(Faid.DTOs.FoodCollReq) on controller Faid.Controllers.ServicesRequestsForms (Faid).
2024-09-22 22:56:45.651 +03:00 [INF] Executing BadRequestObjectResult, writing value of type 'Microsoft.AspNetCore.Mvc.ValidationProblemDetails'.
2024-09-22 22:56:45.655 +03:00 [INF] Executed action Faid.Controllers.ServicesRequestsForms.FoodCollectionRequest (Faid) in 12.6376ms
2024-09-22 22:56:45.657 +03:00 [INF] Executed endpoint 'Faid.Controllers.ServicesRequestsForms.FoodCollectionRequest (Faid)'
2024-09-22 22:56:45.658 +03:00 [INF] Request finished HTTP/2 POST https://localhost:7235/api/ServicesRequestsForms/PostFoodCol - 400 null application/problem+json; charset=utf-8 29.0157ms
2024-09-22 23:05:30.537 +03:00 [INF] Now listening on: https://localhost:7235
2024-09-22 23:05:30.563 +03:00 [INF] Now listening on: http://localhost:5001
2024-09-22 23:05:30.596 +03:00 [INF] Application started. Press Ctrl+C to shut down.
2024-09-22 23:05:30.600 +03:00 [INF] Hosting environment: Development
2024-09-22 23:05:30.602 +03:00 [INF] Content root path: C:\Users\Orange\Downloads\master\Masterpiece10-OCA\Faid\Faid
2024-09-22 23:05:30.918 +03:00 [INF] Request starting HTTP/2 GET https://localhost:7235/swagger/index.html - null null
2024-09-22 23:05:31.022 +03:00 [INF] Request finished HTTP/2 GET https://localhost:7235/swagger/index.html - 200 null text/html;charset=utf-8 105.3163ms
2024-09-22 23:05:31.031 +03:00 [INF] Request starting HTTP/2 GET https://localhost:7235/_vs/browserLink - null null
2024-09-22 23:05:31.031 +03:00 [INF] Request starting HTTP/2 GET https://localhost:7235/_framework/aspnetcore-browser-refresh.js - null null
2024-09-22 23:05:31.039 +03:00 [INF] Request finished HTTP/2 GET https://localhost:7235/_framework/aspnetcore-browser-refresh.js - 200 13744 application/javascript; charset=utf-8 8.1812ms
2024-09-22 23:05:31.058 +03:00 [INF] Request finished HTTP/2 GET https://localhost:7235/_vs/browserLink - 200 null text/javascript; charset=UTF-8 27.0189ms
2024-09-22 23:05:31.344 +03:00 [INF] Request starting HTTP/2 GET https://localhost:7235/swagger/v1/swagger.json - null null
2024-09-22 23:05:31.378 +03:00 [ERR] An unhandled exception has occurred while executing the request.
Swashbuckle.AspNetCore.SwaggerGen.SwaggerGeneratorException: Conflicting method/path combination "GET api/ServicesRequestsForms" for actions - Faid.Controllers.ServicesRequestsForms.GetPartnershipRequests (Faid),Faid.Controllers.ServicesRequestsForms.FoodCollectionRequest (Faid). Actions require a unique method/path combination for Swagger/OpenAPI 3.0. Use ConflictingActionsResolver as a workaround
   at Swashbuckle.AspNetCore.SwaggerGen.SwaggerGenerator.GenerateOperations(IEnumerable`1 apiDescriptions, SchemaRepository schemaRepository)
   at Swashbuckle.AspNetCore.SwaggerGen.SwaggerGenerator.GeneratePaths(IEnumerable`1 apiDescriptions, SchemaRepository schemaRepository)
   at Swashbuckle.AspNetCore.SwaggerGen.SwaggerGenerator.GetSwaggerDocumentWithoutFilters(String documentName, String host, String basePath)
   at Swashbuckle.AspNetCore.SwaggerGen.SwaggerGenerator.GetSwaggerAsync(String documentName, String host, String basePath)
   at Swashbuckle.AspNetCore.Swagger.SwaggerMiddleware.Invoke(HttpContext httpContext, ISwaggerProvider swaggerProvider)
   at Microsoft.AspNetCore.Authentication.AuthenticationMiddleware.Invoke(HttpContext context)
   at Microsoft.AspNetCore.Diagnostics.DeveloperExceptionPageMiddlewareImpl.Invoke(HttpContext context)
2024-09-22 23:05:31.400 +03:00 [INF] Request finished HTTP/2 GET https://localhost:7235/swagger/v1/swagger.json - 500 null text/plain; charset=utf-8 55.7638ms
2024-09-22 23:05:57.100 +03:00 [INF] Now listening on: https://localhost:7235
2024-09-22 23:05:57.126 +03:00 [INF] Now listening on: http://localhost:5001
2024-09-22 23:05:57.158 +03:00 [INF] Application started. Press Ctrl+C to shut down.
2024-09-22 23:05:57.161 +03:00 [INF] Hosting environment: Development
2024-09-22 23:05:57.162 +03:00 [INF] Content root path: C:\Users\Orange\Downloads\master\Masterpiece10-OCA\Faid\Faid
2024-09-22 23:05:57.553 +03:00 [INF] Now listening on: https://localhost:7235
2024-09-22 23:05:57.579 +03:00 [INF] Now listening on: http://localhost:5001
2024-09-22 23:05:57.611 +03:00 [INF] Application started. Press Ctrl+C to shut down.
2024-09-22 23:05:57.614 +03:00 [INF] Hosting environment: Development
2024-09-22 23:05:57.616 +03:00 [INF] Content root path: C:\Users\Orange\Downloads\master\Masterpiece10-OCA\Faid\Faid
2024-09-22 23:05:57.938 +03:00 [INF] Request starting HTTP/2 GET https://localhost:7235/swagger/index.html - null null
2024-09-22 23:05:58.047 +03:00 [INF] Request finished HTTP/2 GET https://localhost:7235/swagger/index.html - 200 null text/html;charset=utf-8 109.4584ms
2024-09-22 23:05:58.053 +03:00 [INF] Request starting HTTP/2 GET https://localhost:7235/_vs/browserLink - null null
2024-09-22 23:05:58.054 +03:00 [INF] Request starting HTTP/2 GET https://localhost:7235/_framework/aspnetcore-browser-refresh.js - null null
2024-09-22 23:05:58.061 +03:00 [INF] Request finished HTTP/2 GET https://localhost:7235/_framework/aspnetcore-browser-refresh.js - 200 13744 application/javascript; charset=utf-8 6.0738ms
2024-09-22 23:05:58.075 +03:00 [INF] Request finished HTTP/2 GET https://localhost:7235/_vs/browserLink - 200 null text/javascript; charset=UTF-8 21.4187ms
2024-09-22 23:05:58.186 +03:00 [INF] Request starting HTTP/2 GET https://localhost:7235/swagger/v1/swagger.json - null null
2024-09-22 23:05:58.262 +03:00 [INF] Request finished HTTP/2 GET https://localhost:7235/swagger/v1/swagger.json - 200 null application/json;charset=utf-8 75.1688ms
2024-09-22 23:08:14.689 +03:00 [INF] Request starting HTTP/2 POST https://localhost:7235/api/ServicesRequestsForms/PostFoodCol - multipart/form-data; boundary=----WebKitFormBoundaryCBqoajSSReDu6JKF 847
2024-09-22 23:08:14.700 +03:00 [INF] CORS policy execution successful.
2024-09-22 23:08:14.705 +03:00 [INF] Executing endpoint 'Faid.Controllers.ServicesRequestsForms.FoodCollectionRequest (Faid)'
2024-09-22 23:08:14.716 +03:00 [INF] Route matched with {action = "FoodCollectionRequest", controller = "ServicesRequestsForms"}. Executing controller action with signature Microsoft.AspNetCore.Mvc.IActionResult FoodCollectionRequest(Faid.DTOs.FoodCollReq) on controller Faid.Controllers.ServicesRequestsForms (Faid).
2024-09-22 23:08:14.798 +03:00 [INF] Executing BadRequestObjectResult, writing value of type 'Microsoft.AspNetCore.Mvc.ValidationProblemDetails'.
2024-09-22 23:08:14.813 +03:00 [INF] Executed action Faid.Controllers.ServicesRequestsForms.FoodCollectionRequest (Faid) in 92.9904ms
2024-09-22 23:08:14.817 +03:00 [INF] Executed endpoint 'Faid.Controllers.ServicesRequestsForms.FoodCollectionRequest (Faid)'
2024-09-22 23:08:14.819 +03:00 [INF] Request finished HTTP/2 POST https://localhost:7235/api/ServicesRequestsForms/PostFoodCol - 400 null application/problem+json; charset=utf-8 130.1085ms
2024-09-22 23:10:20.272 +03:00 [INF] Now listening on: https://localhost:7235
2024-09-22 23:10:20.295 +03:00 [INF] Now listening on: http://localhost:5001
2024-09-22 23:10:20.323 +03:00 [INF] Application started. Press Ctrl+C to shut down.
2024-09-22 23:10:20.326 +03:00 [INF] Hosting environment: Development
2024-09-22 23:10:20.327 +03:00 [INF] Content root path: C:\Users\Orange\Downloads\master\Masterpiece10-OCA\Faid\Faid
2024-09-22 23:10:20.669 +03:00 [INF] Request starting HTTP/2 GET https://localhost:7235/swagger/index.html - null null
2024-09-22 23:10:20.771 +03:00 [INF] Request finished HTTP/2 GET https://localhost:7235/swagger/index.html - 200 null text/html;charset=utf-8 102.352ms
2024-09-22 23:10:20.780 +03:00 [INF] Request starting HTTP/2 GET https://localhost:7235/_framework/aspnetcore-browser-refresh.js - null null
2024-09-22 23:10:20.780 +03:00 [INF] Request starting HTTP/2 GET https://localhost:7235/_vs/browserLink - null null
2024-09-22 23:10:20.789 +03:00 [INF] Request finished HTTP/2 GET https://localhost:7235/_framework/aspnetcore-browser-refresh.js - 200 13744 application/javascript; charset=utf-8 8.3447ms
2024-09-22 23:10:20.806 +03:00 [INF] Request finished HTTP/2 GET https://localhost:7235/_vs/browserLink - 200 null text/javascript; charset=UTF-8 25.5699ms
2024-09-22 23:10:21.025 +03:00 [INF] Request starting HTTP/2 GET https://localhost:7235/swagger/v1/swagger.json - null null
2024-09-22 23:10:21.085 +03:00 [INF] Request finished HTTP/2 GET https://localhost:7235/swagger/v1/swagger.json - 200 null application/json;charset=utf-8 59.9369ms
2024-09-22 23:10:31.530 +03:00 [INF] Request starting HTTP/2 GET https://localhost:7235/swagger/index.html - null null
2024-09-22 23:10:31.543 +03:00 [INF] Request finished HTTP/2 GET https://localhost:7235/swagger/index.html - 200 null text/html;charset=utf-8 12.9574ms
2024-09-22 23:10:31.554 +03:00 [INF] Request starting HTTP/2 GET https://localhost:7235/_vs/browserLink - null null
2024-09-22 23:10:31.558 +03:00 [INF] Request starting HTTP/2 GET https://localhost:7235/_framework/aspnetcore-browser-refresh.js - null null
2024-09-22 23:10:31.560 +03:00 [INF] Request finished HTTP/2 GET https://localhost:7235/_framework/aspnetcore-browser-refresh.js - 200 13744 application/javascript; charset=utf-8 2.7223ms
2024-09-22 23:10:31.564 +03:00 [INF] Request finished HTTP/2 GET https://localhost:7235/_vs/browserLink - 200 null text/javascript; charset=UTF-8 10.1104ms
2024-09-22 23:10:31.601 +03:00 [INF] Request starting HTTP/2 GET https://localhost:7235/swagger/v1/swagger.json - null null
2024-09-22 23:10:31.607 +03:00 [INF] Request finished HTTP/2 GET https://localhost:7235/swagger/v1/swagger.json - 200 null application/json;charset=utf-8 6.695ms
2024-09-22 23:11:16.181 +03:00 [INF] Request starting HTTP/2 POST https://localhost:7235/api/ServicesRequestsForms/PostFoodCol - multipart/form-data; boundary=----WebKitFormBoundarym4ASYES6awmhSVUn 878
2024-09-22 23:11:16.193 +03:00 [INF] CORS policy execution successful.
2024-09-22 23:11:16.198 +03:00 [INF] Executing endpoint 'Faid.Controllers.ServicesRequestsForms.FoodCollectionRequest (Faid)'
2024-09-22 23:11:16.220 +03:00 [INF] Route matched with {action = "FoodCollectionRequest", controller = "ServicesRequestsForms"}. Executing controller action with signature Microsoft.AspNetCore.Mvc.IActionResult FoodCollectionRequest(Faid.DTOs.FoodCollReq) on controller Faid.Controllers.ServicesRequestsForms (Faid).
2024-09-22 23:11:16.345 +03:00 [INF] Executing BadRequestObjectResult, writing value of type 'Microsoft.AspNetCore.Mvc.ValidationProblemDetails'.
2024-09-22 23:11:16.372 +03:00 [INF] Executed action Faid.Controllers.ServicesRequestsForms.FoodCollectionRequest (Faid) in 144.7508ms
2024-09-22 23:11:16.375 +03:00 [INF] Executed endpoint 'Faid.Controllers.ServicesRequestsForms.FoodCollectionRequest (Faid)'
2024-09-22 23:11:16.378 +03:00 [INF] Request finished HTTP/2 POST https://localhost:7235/api/ServicesRequestsForms/PostFoodCol - 400 null application/problem+json; charset=utf-8 196.2146ms
2024-09-22 23:11:39.728 +03:00 [INF] Now listening on: https://localhost:7235
2024-09-22 23:11:39.754 +03:00 [INF] Now listening on: http://localhost:5001
2024-09-22 23:11:39.783 +03:00 [INF] Application started. Press Ctrl+C to shut down.
2024-09-22 23:11:39.786 +03:00 [INF] Hosting environment: Development
2024-09-22 23:11:39.786 +03:00 [INF] Content root path: C:\Users\Orange\Downloads\master\Masterpiece10-OCA\Faid\Faid
2024-09-22 23:11:40.221 +03:00 [INF] Request starting HTTP/2 GET https://localhost:7235/swagger/index.html - null null
2024-09-22 23:11:40.316 +03:00 [INF] Request finished HTTP/2 GET https://localhost:7235/swagger/index.html - 200 null text/html;charset=utf-8 96.0059ms
2024-09-22 23:11:40.326 +03:00 [INF] Request starting HTTP/2 GET https://localhost:7235/_framework/aspnetcore-browser-refresh.js - null null
2024-09-22 23:11:40.331 +03:00 [INF] Request starting HTTP/2 GET https://localhost:7235/_vs/browserLink - null null
2024-09-22 23:11:40.333 +03:00 [INF] Request finished HTTP/2 GET https://localhost:7235/_framework/aspnetcore-browser-refresh.js - 200 13744 application/javascript; charset=utf-8 6.4415ms
2024-09-22 23:11:40.354 +03:00 [INF] Request finished HTTP/2 GET https://localhost:7235/_vs/browserLink - 200 null text/javascript; charset=UTF-8 22.282ms
2024-09-22 23:11:40.412 +03:00 [INF] Request starting HTTP/2 GET https://localhost:7235/swagger/v1/swagger.json - null null
2024-09-22 23:11:40.485 +03:00 [INF] Request finished HTTP/2 GET https://localhost:7235/swagger/v1/swagger.json - 200 null application/json;charset=utf-8 72.3346ms
2024-09-22 23:13:59.378 +03:00 [INF] Now listening on: https://localhost:7235
2024-09-22 23:13:59.409 +03:00 [INF] Now listening on: http://localhost:5001
2024-09-22 23:13:59.447 +03:00 [INF] Application started. Press Ctrl+C to shut down.
2024-09-22 23:13:59.448 +03:00 [INF] Hosting environment: Development
2024-09-22 23:13:59.449 +03:00 [INF] Content root path: C:\Users\Orange\Downloads\master\Masterpiece10-OCA\Faid\Faid
2024-09-22 23:13:59.651 +03:00 [INF] Request starting HTTP/2 GET https://localhost:7235/swagger/index.html - null null
2024-09-22 23:13:59.747 +03:00 [INF] Request finished HTTP/2 GET https://localhost:7235/swagger/index.html - 200 null text/html;charset=utf-8 96.0797ms
2024-09-22 23:13:59.755 +03:00 [INF] Request starting HTTP/2 GET https://localhost:7235/_framework/aspnetcore-browser-refresh.js - null null
2024-09-22 23:13:59.760 +03:00 [INF] Request starting HTTP/2 GET https://localhost:7235/_vs/browserLink - null null
2024-09-22 23:13:59.762 +03:00 [INF] Request finished HTTP/2 GET https://localhost:7235/_framework/aspnetcore-browser-refresh.js - 200 13744 application/javascript; charset=utf-8 5.8375ms
2024-09-22 23:13:59.784 +03:00 [INF] Request finished HTTP/2 GET https://localhost:7235/_vs/browserLink - 200 null text/javascript; charset=UTF-8 23.8396ms
2024-09-22 23:13:59.856 +03:00 [INF] Request starting HTTP/2 GET https://localhost:7235/swagger/v1/swagger.json - null null
2024-09-22 23:13:59.929 +03:00 [INF] Request finished HTTP/2 GET https://localhost:7235/swagger/v1/swagger.json - 200 null application/json;charset=utf-8 73.3142ms
2024-09-22 23:14:57.313 +03:00 [INF] Request starting HTTP/2 POST https://localhost:7235/api/ServicesRequestsForms/PostFoodCol - multipart/form-data; boundary=----WebKitFormBoundaryNLFInIt92eFH32Al 841
2024-09-22 23:14:57.329 +03:00 [INF] CORS policy execution successful.
2024-09-22 23:14:57.332 +03:00 [INF] Executing endpoint 'Faid.Controllers.ServicesRequestsForms.FoodCollectionRequest (Faid)'
2024-09-22 23:14:57.352 +03:00 [INF] Route matched with {action = "FoodCollectionRequest", controller = "ServicesRequestsForms"}. Executing controller action with signature Microsoft.AspNetCore.Mvc.IActionResult FoodCollectionRequest(Faid.DTOs.FoodCollReq) on controller Faid.Controllers.ServicesRequestsForms (Faid).
2024-09-22 23:14:57.547 +03:00 [INF] Executing BadRequestObjectResult, writing value of type 'Microsoft.AspNetCore.Mvc.ValidationProblemDetails'.
2024-09-22 23:14:57.575 +03:00 [INF] Executed action Faid.Controllers.ServicesRequestsForms.FoodCollectionRequest (Faid) in 217.8039ms
2024-09-22 23:14:57.578 +03:00 [INF] Executed endpoint 'Faid.Controllers.ServicesRequestsForms.FoodCollectionRequest (Faid)'
2024-09-22 23:14:57.579 +03:00 [INF] Request finished HTTP/2 POST https://localhost:7235/api/ServicesRequestsForms/PostFoodCol - 400 null application/problem+json; charset=utf-8 266.0958ms
2024-09-22 23:15:35.494 +03:00 [INF] Now listening on: https://localhost:7235
2024-09-22 23:15:35.520 +03:00 [INF] Now listening on: http://localhost:5001
2024-09-22 23:15:35.935 +03:00 [INF] Now listening on: https://localhost:7235
2024-09-22 23:15:35.961 +03:00 [INF] Now listening on: http://localhost:5001
2024-09-22 23:15:35.991 +03:00 [INF] Application started. Press Ctrl+C to shut down.
2024-09-22 23:15:35.994 +03:00 [INF] Hosting environment: Development
2024-09-22 23:15:35.995 +03:00 [INF] Content root path: C:\Users\Orange\Downloads\master\Masterpiece10-OCA\Faid\Faid
2024-09-22 23:15:36.285 +03:00 [INF] Request starting HTTP/2 GET https://localhost:7235/swagger/index.html - null null
2024-09-22 23:15:36.379 +03:00 [INF] Request finished HTTP/2 GET https://localhost:7235/swagger/index.html - 200 null text/html;charset=utf-8 94.4015ms
2024-09-22 23:15:36.385 +03:00 [INF] Request starting HTTP/2 GET https://localhost:7235/_vs/browserLink - null null
2024-09-22 23:15:36.387 +03:00 [INF] Request starting HTTP/2 GET https://localhost:7235/_framework/aspnetcore-browser-refresh.js - null null
2024-09-22 23:15:36.392 +03:00 [INF] Request finished HTTP/2 GET https://localhost:7235/_framework/aspnetcore-browser-refresh.js - 200 13744 application/javascript; charset=utf-8 4.576ms
2024-09-22 23:15:36.404 +03:00 [INF] Request finished HTTP/2 GET https://localhost:7235/_vs/browserLink - 200 null text/javascript; charset=UTF-8 18.3629ms
2024-09-22 23:15:36.456 +03:00 [INF] Request starting HTTP/2 GET https://localhost:7235/swagger/v1/swagger.json - null null
2024-09-22 23:15:36.518 +03:00 [INF] Request finished HTTP/2 GET https://localhost:7235/swagger/v1/swagger.json - 200 null application/json;charset=utf-8 62.1779ms
2024-09-22 23:16:30.848 +03:00 [INF] Request starting HTTP/2 POST https://localhost:7235/api/ServicesRequestsForms/PostFoodCol - multipart/form-data; boundary=----WebKitFormBoundaryLEpaHgDVW81hWDNa 849
2024-09-22 23:16:30.861 +03:00 [INF] CORS policy execution successful.
2024-09-22 23:16:30.863 +03:00 [INF] Executing endpoint 'Faid.Controllers.ServicesRequestsForms.FoodCollectionRequest (Faid)'
2024-09-22 23:16:30.877 +03:00 [INF] Route matched with {action = "FoodCollectionRequest", controller = "ServicesRequestsForms"}. Executing controller action with signature Microsoft.AspNetCore.Mvc.IActionResult FoodCollectionRequest(Faid.DTOs.FoodCollReq) on controller Faid.Controllers.ServicesRequestsForms (Faid).
2024-09-22 23:16:30.987 +03:00 [INF] Executing BadRequestObjectResult, writing value of type 'Microsoft.AspNetCore.Mvc.ValidationProblemDetails'.
2024-09-22 23:16:31.008 +03:00 [INF] Executed action Faid.Controllers.ServicesRequestsForms.FoodCollectionRequest (Faid) in 127.9338ms
2024-09-22 23:16:31.010 +03:00 [INF] Executed endpoint 'Faid.Controllers.ServicesRequestsForms.FoodCollectionRequest (Faid)'
2024-09-22 23:16:31.014 +03:00 [INF] Request finished HTTP/2 POST https://localhost:7235/api/ServicesRequestsForms/PostFoodCol - 400 null application/problem+json; charset=utf-8 166.079ms
